This file contains any messages produced by compilers while
running configure, to aid debugging if configure makes a mistake.

It was created by opencv configure 1.0.0, which was
generated by GNU Autoconf 2.59.  Invocation command line was

  $ ./configure --with-v4l=no --target=arm-himix100-linux --host=arm-himix100-linux --prefix=/home/zhouhua/HISI/opencv/install --enable-static --enable-debug=no CFLAGS=-mcpu=cortex-a7 -mfloat-abi=softfp -mfpu=neon-vfpv4 -fno-aggressive-loop-optimizations CXXFLAGS=-mcpu=cortex-a7 -mfloat-abi=softfp -mfpu=neon-vfpv4 -fno-aggressive-loop-optimizations

## --------- ##
## Platform. ##
## --------- ##

hostname = bogon
uname -m = x86_64
uname -r = 4.4.0-142-generic
uname -s = Linux
uname -v = #168-Ubuntu SMP Wed Jan 16 21:00:45 UTC 2019

/usr/bin/uname -p = unknown
/bin/uname -X     = unknown

/bin/arch              = unknown
/usr/bin/arch -k       = unknown
/usr/convex/getsysinfo = unknown
hostinfo               = unknown
/bin/machine           = unknown
/usr/bin/oslevel       = unknown
/bin/universe          = unknown

PATH: /home/zhouhua/bin
PATH: /home/zhouhua/.local/bin
PATH: /opt/hisi-linux/x86-arm/arm-hisiv300-linux/target/bin
PATH: /opt/hisi-linux/x86-arm/arm-himix100-linux/bin
PATH: /usr/local/sbin
PATH: /usr/local/bin
PATH: /usr/sbin
PATH: /usr/bin
PATH: /sbin
PATH: /bin
PATH: /usr/games
PATH: /usr/local/games
PATH: /snap/bin
PATH: /home/zhouhua/DIALOG/gcc-arm-none-eabi-4_9-2015q1/bin


## ----------- ##
## Core tests. ##
## ----------- ##

configure:1584: checking build system type
configure:1602: result: x86_64-unknown-linux-gnu
configure:1610: checking host system type
configure:1624: result: arm-himix100-linux-gnu
configure:1632: checking target system type
configure:1646: result: arm-himix100-linux-gnu
configure:1679: checking for a BSD-compatible install
configure:1734: result: /usr/bin/install -c
configure:1745: checking whether build environment is sane
configure:1788: result: yes
configure:1853: checking for gawk
configure:1869: found /usr/bin/gawk
configure:1879: result: gawk
configure:1889: checking whether make sets $(MAKE)
configure:1909: result: yes
configure:1985: checking for arm-himix100-linux-strip
configure:2001: found /opt/hisi-linux/x86-arm/arm-himix100-linux/bin/arm-himix100-linux-strip
configure:2011: result: arm-himix100-linux-strip
configure:2077: checking whether make sets $(MAKE)
configure:2097: result: yes
configure:2177: checking for arm-himix100-linux-g++
configure:2193: found /opt/hisi-linux/x86-arm/arm-himix100-linux/bin/arm-himix100-linux-g++
configure:2203: result: arm-himix100-linux-g++
configure:2261: checking for C++ compiler version
configure:2264: arm-himix100-linux-g++ --version </dev/null >&5
arm-himix100-linux-g++ (HC&C V100R002C00B032_20190114) 6.3.0
Copyright (C) 2016 Free Software Foundation, Inc.
This is free software; see the source for copying conditions.  There is NO
warranty; not even for MERCHANTABILITY or FITNESS FOR A PARTICULAR PURPOSE.

configure:2267: $? = 0
configure:2269: arm-himix100-linux-g++ -v </dev/null >&5
Using built-in specs.
COLLECT_GCC=arm-himix100-linux-g++
COLLECT_LTO_WRAPPER=/opt/hisi-linux/x86-arm/arm-himix100-linux/host_bin/../libexec/gcc/arm-linux-uclibceabi/6.3.0/lto-wrapper
Target: arm-linux-uclibceabi
Configured with: /home/sying/SDK_CPU_UNIFIED/build/script/arm-himix100-linux/arm_himix100_build_dir/src/gcc-6.3.0/configure --host=i386-redhat-linux --build=i386-redhat-linux --target=arm-linux-uclibceabi --prefix=/home/sying/SDK_CPU_UNIFIED/build/script/arm-himix100-linux/arm_himix100_build_dir/install --enable-threads --disable-libmudflap --disable-libssp --disable-libstdcxx-pch --with-gnu-as --with-gnu-ld --enable-languages=c,c++ --enable-shared --enable-lto --enable-symvers=gnu --enable-__cxa_atexit --disable-libatomic --disable-nls --enable-clocale=gnu --enable-extra-hisi-multilibs --with-sysroot=/home/sying/SDK_CPU_UNIFIED/build/script/arm-himix100-linux/arm_himix100_build_dir/install/target --with-build-sysroot=/home/sying/SDK_CPU_UNIFIED/build/script/arm-himix100-linux/arm_himix100_build_dir/install/target --with-gmp=/home/sying/SDK_CPU_UNIFIED/build/script/arm-himix100-linux/arm_himix100_build_dir/obj/host-libs/usr --with-mpfr=/home/sying/SDK_CPU_UNIFIED/build/script/arm-himix100-linux/arm_himix100_build_dir/obj/host-libs/usr --with-mpc=/home/sying/SDK_CPU_UNIFIED/build/script/arm-himix100-linux/arm_himix100_build_dir/obj/host-libs/usr --disable-libgomp --disable-libquadmath --disable-fixed-point --disable-libsanitizer --disable-libitm --enable-poison-system-directories --with-pkgversion='HC&C V100R002C00B032_20190114'
Thread model: posix
gcc version 6.3.0 (HC&C V100R002C00B032_20190114) 
configure:2272: $? = 0
configure:2274: arm-himix100-linux-g++ -V </dev/null >&5
arm-himix100-linux-g++: error: unrecognized command line option '-V'
arm-himix100-linux-g++: fatal error: no input files
compilation terminated.
configure:2277: $? = 1
configure:2300: checking for C++ compiler default output file name
configure:2303: arm-himix100-linux-g++ -mcpu=cortex-a7 -mfloat-abi=softfp -mfpu=neon-vfpv4 -fno-aggressive-loop-optimizations   conftest.cc  >&5
configure:2306: $? = 0
configure:2352: result: a.out
configure:2357: checking whether the C++ compiler works
configure:2363: ./a.out
./configure: line 2364: ./a.out: cannot execute binary file: Exec format error
configure:2366: $? = 126
configure:2383: result: yes
configure:2390: checking whether we are cross compiling
configure:2392: result: yes
configure:2395: checking for suffix of executables
configure:2397: arm-himix100-linux-g++ -o conftest -mcpu=cortex-a7 -mfloat-abi=softfp -mfpu=neon-vfpv4 -fno-aggressive-loop-optimizations   conftest.cc  >&5
configure:2400: $? = 0
configure:2425: result: 
configure:2431: checking for suffix of object files
configure:2452: arm-himix100-linux-g++ -c -mcpu=cortex-a7 -mfloat-abi=softfp -mfpu=neon-vfpv4 -fno-aggressive-loop-optimizations  conftest.cc >&5
configure:2455: $? = 0
configure:2477: result: o
configure:2481: checking whether we are using the GNU C++ compiler
configure:2505: arm-himix100-linux-g++ -c -mcpu=cortex-a7 -mfloat-abi=softfp -mfpu=neon-vfpv4 -fno-aggressive-loop-optimizations  conftest.cc >&5
configure:2511: $? = 0
configure:2515: test -z 
			 || test ! -s conftest.err
configure:2518: $? = 0
configure:2521: test -s conftest.o
configure:2524: $? = 0
configure:2537: result: yes
configure:2543: checking whether arm-himix100-linux-g++ accepts -g
configure:2564: arm-himix100-linux-g++ -c -g  conftest.cc >&5
configure:2570: $? = 0
configure:2574: test -z 
			 || test ! -s conftest.err
configure:2577: $? = 0
configure:2580: test -s conftest.o
configure:2583: $? = 0
configure:2594: result: yes
configure:2636: arm-himix100-linux-g++ -c -mcpu=cortex-a7 -mfloat-abi=softfp -mfpu=neon-vfpv4 -fno-aggressive-loop-optimizations  conftest.cc >&5
configure:2642: $? = 0
configure:2646: test -z 
			 || test ! -s conftest.err
configure:2649: $? = 0
configure:2652: test -s conftest.o
configure:2655: $? = 0
configure:2681: arm-himix100-linux-g++ -c -mcpu=cortex-a7 -mfloat-abi=softfp -mfpu=neon-vfpv4 -fno-aggressive-loop-optimizations  conftest.cc >&5
conftest.cc: In function 'int main()':
conftest.cc:15:9: error: 'exit' was not declared in this scope
 exit (42);
         ^
configure:2687: $? = 1
configure: failed program was:
| /* confdefs.h.  */
| 
| #define PACKAGE_NAME "opencv"
| #define PACKAGE_TARNAME "opencv"
| #define PACKAGE_VERSION "1.0.0"
| #define PACKAGE_STRING "opencv 1.0.0"
| #define PACKAGE_BUGREPORT "opencvlibrary-devel@lists.sourceforge.net"
| #define PACKAGE "opencv"
| #define VERSION "1.0.0"
| /* end confdefs.h.  */
| 
| int
| main ()
| {
| exit (42);
|   ;
|   return 0;
| }
configure:2636: arm-himix100-linux-g++ -c -mcpu=cortex-a7 -mfloat-abi=softfp -mfpu=neon-vfpv4 -fno-aggressive-loop-optimizations  conftest.cc >&5
configure:2642: $? = 0
configure:2646: test -z 
			 || test ! -s conftest.err
configure:2649: $? = 0
configure:2652: test -s conftest.o
configure:2655: $? = 0
configure:2681: arm-himix100-linux-g++ -c -mcpu=cortex-a7 -mfloat-abi=softfp -mfpu=neon-vfpv4 -fno-aggressive-loop-optimizations  conftest.cc >&5
configure:2687: $? = 0
configure:2691: test -z 
			 || test ! -s conftest.err
configure:2694: $? = 0
configure:2697: test -s conftest.o
configure:2700: $? = 0
configure:2734: checking for style of include used by make
configure:2762: result: GNU
configure:2790: checking dependency style of arm-himix100-linux-g++
configure:2880: result: gcc3
configure:2905: checking for arm-himix100-linux-gcc
configure:2921: found /opt/hisi-linux/x86-arm/arm-himix100-linux/bin/arm-himix100-linux-gcc
configure:2931: result: arm-himix100-linux-gcc
configure:3213: checking for C compiler version
configure:3216: arm-himix100-linux-gcc --version </dev/null >&5
arm-himix100-linux-gcc (HC&C V100R002C00B032_20190114) 6.3.0
Copyright (C) 2016 Free Software Foundation, Inc.
This is free software; see the source for copying conditions.  There is NO
warranty; not even for MERCHANTABILITY or FITNESS FOR A PARTICULAR PURPOSE.

configure:3219: $? = 0
configure:3221: arm-himix100-linux-gcc -v </dev/null >&5
Using built-in specs.
COLLECT_GCC=arm-himix100-linux-gcc
COLLECT_LTO_WRAPPER=/opt/hisi-linux/x86-arm/arm-himix100-linux/host_bin/../libexec/gcc/arm-linux-uclibceabi/6.3.0/lto-wrapper
Target: arm-linux-uclibceabi
Configured with: /home/sying/SDK_CPU_UNIFIED/build/script/arm-himix100-linux/arm_himix100_build_dir/src/gcc-6.3.0/configure --host=i386-redhat-linux --build=i386-redhat-linux --target=arm-linux-uclibceabi --prefix=/home/sying/SDK_CPU_UNIFIED/build/script/arm-himix100-linux/arm_himix100_build_dir/install --enable-threads --disable-libmudflap --disable-libssp --disable-libstdcxx-pch --with-gnu-as --with-gnu-ld --enable-languages=c,c++ --enable-shared --enable-lto --enable-symvers=gnu --enable-__cxa_atexit --disable-libatomic --disable-nls --enable-clocale=gnu --enable-extra-hisi-multilibs --with-sysroot=/home/sying/SDK_CPU_UNIFIED/build/script/arm-himix100-linux/arm_himix100_build_dir/install/target --with-build-sysroot=/home/sying/SDK_CPU_UNIFIED/build/script/arm-himix100-linux/arm_himix100_build_dir/install/target --with-gmp=/home/sying/SDK_CPU_UNIFIED/build/script/arm-himix100-linux/arm_himix100_build_dir/obj/host-libs/usr --with-mpfr=/home/sying/SDK_CPU_UNIFIED/build/script/arm-himix100-linux/arm_himix100_build_dir/obj/host-libs/usr --with-mpc=/home/sying/SDK_CPU_UNIFIED/build/script/arm-himix100-linux/arm_himix100_build_dir/obj/host-libs/usr --disable-libgomp --disable-libquadmath --disable-fixed-point --disable-libsanitizer --disable-libitm --enable-poison-system-directories --with-pkgversion='HC&C V100R002C00B032_20190114'
Thread model: posix
gcc version 6.3.0 (HC&C V100R002C00B032_20190114) 
configure:3224: $? = 0
configure:3226: arm-himix100-linux-gcc -V </dev/null >&5
arm-himix100-linux-gcc: error: unrecognized command line option '-V'
arm-himix100-linux-gcc: fatal error: no input files
compilation terminated.
configure:3229: $? = 1
configure:3232: checking whether we are using the GNU C compiler
configure:3256: arm-himix100-linux-gcc -c -mcpu=cortex-a7 -mfloat-abi=softfp -mfpu=neon-vfpv4 -fno-aggressive-loop-optimizations  conftest.c >&5
configure:3262: $? = 0
configure:3266: test -z 
			 || test ! -s conftest.err
configure:3269: $? = 0
configure:3272: test -s conftest.o
configure:3275: $? = 0
configure:3288: result: yes
configure:3294: checking whether arm-himix100-linux-gcc accepts -g
configure:3315: arm-himix100-linux-gcc -c -g  conftest.c >&5
configure:3321: $? = 0
configure:3325: test -z 
			 || test ! -s conftest.err
configure:3328: $? = 0
configure:3331: test -s conftest.o
configure:3334: $? = 0
configure:3345: result: yes
configure:3362: checking for arm-himix100-linux-gcc option to accept ANSI C
configure:3432: arm-himix100-linux-gcc  -c -mcpu=cortex-a7 -mfloat-abi=softfp -mfpu=neon-vfpv4 -fno-aggressive-loop-optimizations  conftest.c >&5
configure:3438: $? = 0
configure:3442: test -z 
			 || test ! -s conftest.err
configure:3445: $? = 0
configure:3448: test -s conftest.o
configure:3451: $? = 0
configure:3469: result: none needed
configure:3487: arm-himix100-linux-gcc -c -mcpu=cortex-a7 -mfloat-abi=softfp -mfpu=neon-vfpv4 -fno-aggressive-loop-optimizations  conftest.c >&5
conftest.c:2:3: error: unknown type name 'choke'
   choke me
   ^~~~~
conftest.c:2:3: error: expected '=', ',', ';', 'asm' or '__attribute__' at end of input
configure:3493: $? = 1
configure: failed program was:
| #ifndef __cplusplus
|   choke me
| #endif
configure:3628: checking dependency style of arm-himix100-linux-gcc
configure:3718: result: gcc3
configure:3740: checking how to run the C preprocessor
configure:3775: arm-himix100-linux-gcc -E  conftest.c
configure:3781: $? = 0
configure:3813: arm-himix100-linux-gcc -E  conftest.c
conftest.c:14:28: fatal error: ac_nonexistent.h: No such file or directory
 #include <ac_nonexistent.h>
                            ^
compilation terminated.
configure:3819: $? = 1
configure: failed program was:
| /* confdefs.h.  */
| 
| #define PACKAGE_NAME "opencv"
| #define PACKAGE_TARNAME "opencv"
| #define PACKAGE_VERSION "1.0.0"
| #define PACKAGE_STRING "opencv 1.0.0"
| #define PACKAGE_BUGREPORT "opencvlibrary-devel@lists.sourceforge.net"
| #define PACKAGE "opencv"
| #define VERSION "1.0.0"
| #ifdef __cplusplus
| extern "C" void std::exit (int) throw (); using std::exit;
| #endif
| /* end confdefs.h.  */
| #include <ac_nonexistent.h>
configure:3858: result: arm-himix100-linux-gcc -E
configure:3882: arm-himix100-linux-gcc -E  conftest.c
configure:3888: $? = 0
configure:3920: arm-himix100-linux-gcc -E  conftest.c
conftest.c:14:28: fatal error: ac_nonexistent.h: No such file or directory
 #include <ac_nonexistent.h>
                            ^
compilation terminated.
configure:3926: $? = 1
configure: failed program was:
| /* confdefs.h.  */
| 
| #define PACKAGE_NAME "opencv"
| #define PACKAGE_TARNAME "opencv"
| #define PACKAGE_VERSION "1.0.0"
| #define PACKAGE_STRING "opencv 1.0.0"
| #define PACKAGE_BUGREPORT "opencvlibrary-devel@lists.sourceforge.net"
| #define PACKAGE "opencv"
| #define VERSION "1.0.0"
| #ifdef __cplusplus
| extern "C" void std::exit (int) throw (); using std::exit;
| #endif
| /* end confdefs.h.  */
| #include <ac_nonexistent.h>
configure:4017: checking for a sed that does not truncate output
configure:4071: result: /bin/sed
configure:4074: checking for egrep
configure:4084: result: grep -E
configure:4100: checking for ld used by arm-himix100-linux-gcc
configure:4167: result: /opt/hisi-linux/x86-arm/arm-himix100-linux/arm-linux-uclibceabi/bin/ld
configure:4176: checking if the linker (/opt/hisi-linux/x86-arm/arm-himix100-linux/arm-linux-uclibceabi/bin/ld) is GNU ld
configure:4191: result: yes
configure:4196: checking for /opt/hisi-linux/x86-arm/arm-himix100-linux/arm-linux-uclibceabi/bin/ld option to reload object files
configure:4203: result: -r
configure:4221: checking for BSD-compatible nm
configure:4270: result: /opt/hisi-linux/x86-arm/arm-himix100-linux/bin/arm-himix100-linux-nm -B
configure:4274: checking whether ln -s works
configure:4278: result: yes
configure:4285: checking how to recognise dependent libraries
configure:4461: result: pass_all
configure:4936: checking for ANSI C header files
configure:4961: arm-himix100-linux-gcc -c -mcpu=cortex-a7 -mfloat-abi=softfp -mfpu=neon-vfpv4 -fno-aggressive-loop-optimizations  conftest.c >&5
configure:4967: $? = 0
configure:4971: test -z 
			 || test ! -s conftest.err
configure:4974: $? = 0
configure:4977: test -s conftest.o
configure:4980: $? = 0
configure:5092: result: yes
configure:5116: checking for sys/types.h
configure:5132: arm-himix100-linux-gcc -c -mcpu=cortex-a7 -mfloat-abi=softfp -mfpu=neon-vfpv4 -fno-aggressive-loop-optimizations  conftest.c >&5
configure:5138: $? = 0
configure:5142: test -z 
			 || test ! -s conftest.err
configure:5145: $? = 0
configure:5148: test -s conftest.o
configure:5151: $? = 0
configure:5162: result: yes
configure:5116: checking for sys/stat.h
configure:5132: arm-himix100-linux-gcc -c -mcpu=cortex-a7 -mfloat-abi=softfp -mfpu=neon-vfpv4 -fno-aggressive-loop-optimizations  conftest.c >&5
configure:5138: $? = 0
configure:5142: test -z 
			 || test ! -s conftest.err
configure:5145: $? = 0
configure:5148: test -s conftest.o
configure:5151: $? = 0
configure:5162: result: yes
configure:5116: checking for stdlib.h
configure:5132: arm-himix100-linux-gcc -c -mcpu=cortex-a7 -mfloat-abi=softfp -mfpu=neon-vfpv4 -fno-aggressive-loop-optimizations  conftest.c >&5
configure:5138: $? = 0
configure:5142: test -z 
			 || test ! -s conftest.err
configure:5145: $? = 0
configure:5148: test -s conftest.o
configure:5151: $? = 0
configure:5162: result: yes
configure:5116: checking for string.h
configure:5132: arm-himix100-linux-gcc -c -mcpu=cortex-a7 -mfloat-abi=softfp -mfpu=neon-vfpv4 -fno-aggressive-loop-optimizations  conftest.c >&5
configure:5138: $? = 0
configure:5142: test -z 
			 || test ! -s conftest.err
configure:5145: $? = 0
configure:5148: test -s conftest.o
configure:5151: $? = 0
configure:5162: result: yes
configure:5116: checking for memory.h
configure:5132: arm-himix100-linux-gcc -c -mcpu=cortex-a7 -mfloat-abi=softfp -mfpu=neon-vfpv4 -fno-aggressive-loop-optimizations  conftest.c >&5
configure:5138: $? = 0
configure:5142: test -z 
			 || test ! -s conftest.err
configure:5145: $? = 0
configure:5148: test -s conftest.o
configure:5151: $? = 0
configure:5162: result: yes
configure:5116: checking for strings.h
configure:5132: arm-himix100-linux-gcc -c -mcpu=cortex-a7 -mfloat-abi=softfp -mfpu=neon-vfpv4 -fno-aggressive-loop-optimizations  conftest.c >&5
configure:5138: $? = 0
configure:5142: test -z 
			 || test ! -s conftest.err
configure:5145: $? = 0
configure:5148: test -s conftest.o
configure:5151: $? = 0
configure:5162: result: yes
configure:5116: checking for inttypes.h
configure:5132: arm-himix100-linux-gcc -c -mcpu=cortex-a7 -mfloat-abi=softfp -mfpu=neon-vfpv4 -fno-aggressive-loop-optimizations  conftest.c >&5
configure:5138: $? = 0
configure:5142: test -z 
			 || test ! -s conftest.err
configure:5145: $? = 0
configure:5148: test -s conftest.o
configure:5151: $? = 0
configure:5162: result: yes
configure:5116: checking for stdint.h
configure:5132: arm-himix100-linux-gcc -c -mcpu=cortex-a7 -mfloat-abi=softfp -mfpu=neon-vfpv4 -fno-aggressive-loop-optimizations  conftest.c >&5
configure:5138: $? = 0
configure:5142: test -z 
			 || test ! -s conftest.err
configure:5145: $? = 0
configure:5148: test -s conftest.o
configure:5151: $? = 0
configure:5162: result: yes
configure:5116: checking for unistd.h
configure:5132: arm-himix100-linux-gcc -c -mcpu=cortex-a7 -mfloat-abi=softfp -mfpu=neon-vfpv4 -fno-aggressive-loop-optimizations  conftest.c >&5
configure:5138: $? = 0
configure:5142: test -z 
			 || test ! -s conftest.err
configure:5145: $? = 0
configure:5148: test -s conftest.o
configure:5151: $? = 0
configure:5162: result: yes
configure:5188: checking dlfcn.h usability
configure:5200: arm-himix100-linux-gcc -c -mcpu=cortex-a7 -mfloat-abi=softfp -mfpu=neon-vfpv4 -fno-aggressive-loop-optimizations  conftest.c >&5
configure:5206: $? = 0
configure:5210: test -z 
			 || test ! -s conftest.err
configure:5213: $? = 0
configure:5216: test -s conftest.o
configure:5219: $? = 0
configure:5229: result: yes
configure:5233: checking dlfcn.h presence
configure:5243: arm-himix100-linux-gcc -E  conftest.c
configure:5249: $? = 0
configure:5269: result: yes
configure:5304: checking for dlfcn.h
configure:5311: result: yes
configure:5334: checking how to run the C++ preprocessor
configure:5365: arm-himix100-linux-g++ -E  conftest.cc
configure:5371: $? = 0
configure:5403: arm-himix100-linux-g++ -E  conftest.cc
conftest.cc:25:28: fatal error: ac_nonexistent.h: No such file or directory
 #include <ac_nonexistent.h>
                            ^
compilation terminated.
configure:5409: $? = 1
configure: failed program was:
| /* confdefs.h.  */
| 
| #define PACKAGE_NAME "opencv"
| #define PACKAGE_TARNAME "opencv"
| #define PACKAGE_VERSION "1.0.0"
| #define PACKAGE_STRING "opencv 1.0.0"
| #define PACKAGE_BUGREPORT "opencvlibrary-devel@lists.sourceforge.net"
| #define PACKAGE "opencv"
| #define VERSION "1.0.0"
| #ifdef __cplusplus
| extern "C" void std::exit (int) throw (); using std::exit;
| #endif
| #define STDC_HEADERS 1
| #define HAVE_SYS_TYPES_H 1
| #define HAVE_SYS_STAT_H 1
| #define HAVE_STDLIB_H 1
| #define HAVE_STRING_H 1
| #define HAVE_MEMORY_H 1
| #define HAVE_STRINGS_H 1
| #define HAVE_INTTYPES_H 1
| #define HAVE_STDINT_H 1
| #define HAVE_UNISTD_H 1
| #define HAVE_DLFCN_H 1
| /* end confdefs.h.  */
| #include <ac_nonexistent.h>
configure:5448: result: arm-himix100-linux-g++ -E
configure:5472: arm-himix100-linux-g++ -E  conftest.cc
configure:5478: $? = 0
configure:5510: arm-himix100-linux-g++ -E  conftest.cc
conftest.cc:25:28: fatal error: ac_nonexistent.h: No such file or directory
 #include <ac_nonexistent.h>
                            ^
compilation terminated.
configure:5516: $? = 1
configure: failed program was:
| /* confdefs.h.  */
| 
| #define PACKAGE_NAME "opencv"
| #define PACKAGE_TARNAME "opencv"
| #define PACKAGE_VERSION "1.0.0"
| #define PACKAGE_STRING "opencv 1.0.0"
| #define PACKAGE_BUGREPORT "opencvlibrary-devel@lists.sourceforge.net"
| #define PACKAGE "opencv"
| #define VERSION "1.0.0"
| #ifdef __cplusplus
| extern "C" void std::exit (int) throw (); using std::exit;
| #endif
| #define STDC_HEADERS 1
| #define HAVE_SYS_TYPES_H 1
| #define HAVE_SYS_STAT_H 1
| #define HAVE_STDLIB_H 1
| #define HAVE_STRING_H 1
| #define HAVE_MEMORY_H 1
| #define HAVE_STRINGS_H 1
| #define HAVE_INTTYPES_H 1
| #define HAVE_STDINT_H 1
| #define HAVE_UNISTD_H 1
| #define HAVE_DLFCN_H 1
| /* end confdefs.h.  */
| #include <ac_nonexistent.h>
configure:5571: checking for arm-himix100-linux-g77
configure:5600: result: no
configure:5571: checking for arm-himix100-linux-f77
configure:5600: result: no
configure:5571: checking for arm-himix100-linux-xlf
configure:5600: result: no
configure:5571: checking for arm-himix100-linux-frt
configure:5600: result: no
configure:5571: checking for arm-himix100-linux-pgf77
configure:5600: result: no
configure:5571: checking for arm-himix100-linux-fort77
configure:5600: result: no
configure:5571: checking for arm-himix100-linux-fl32
configure:5600: result: no
configure:5571: checking for arm-himix100-linux-af77
configure:5600: result: no
configure:5571: checking for arm-himix100-linux-f90
configure:5600: result: no
configure:5571: checking for arm-himix100-linux-xlf90
configure:5600: result: no
configure:5571: checking for arm-himix100-linux-pgf90
configure:5600: result: no
configure:5571: checking for arm-himix100-linux-epcf90
configure:5600: result: no
configure:5571: checking for arm-himix100-linux-f95
configure:5600: result: no
configure:5571: checking for arm-himix100-linux-fort
configure:5600: result: no
configure:5571: checking for arm-himix100-linux-xlf95
configure:5600: result: no
configure:5571: checking for arm-himix100-linux-ifc
configure:5600: result: no
configure:5571: checking for arm-himix100-linux-efc
configure:5600: result: no
configure:5571: checking for arm-himix100-linux-pgf95
configure:5600: result: no
configure:5571: checking for arm-himix100-linux-lf95
configure:5600: result: no
configure:5571: checking for arm-himix100-linux-gfortran
configure:5600: result: no
configure:5613: checking for g77
configure:5642: result: no
configure:5613: checking for f77
configure:5642: result: no
configure:5613: checking for xlf
configure:5642: result: no
configure:5613: checking for frt
configure:5642: result: no
configure:5613: checking for pgf77
configure:5642: result: no
configure:5613: checking for fort77
configure:5642: result: no
configure:5613: checking for fl32
configure:5642: result: no
configure:5613: checking for af77
configure:5642: result: no
configure:5613: checking for f90
configure:5642: result: no
configure:5613: checking for xlf90
configure:5642: result: no
configure:5613: checking for pgf90
configure:5642: result: no
configure:5613: checking for epcf90
configure:5642: result: no
configure:5613: checking for f95
configure:5642: result: no
configure:5613: checking for fort
configure:5642: result: no
configure:5613: checking for xlf95
configure:5642: result: no
configure:5613: checking for ifc
configure:5642: result: no
configure:5613: checking for efc
configure:5642: result: no
configure:5613: checking for pgf95
configure:5642: result: no
configure:5613: checking for lf95
configure:5642: result: no
configure:5613: checking for gfortran
configure:5642: result: no
configure:5654: checking for Fortran 77 compiler version
configure:5657:  --version </dev/null >&5
./configure: line 5658: --version: command not found
configure:5660: $? = 127
configure:5662:  -v </dev/null >&5
./configure: line 5663: -v: command not found
configure:5665: $? = 127
configure:5667:  -V </dev/null >&5
./configure: line 5668: -V: command not found
configure:5670: $? = 127
configure:5678: checking whether we are using the GNU Fortran 77 compiler
configure:5692:  -c  conftest.F >&5
./configure: line 5693: -c: command not found
configure:5698: $? = 127
configure: failed program was:
|       program main
| #ifndef __GNUC__
|        choke me
| #endif
| 
|       end
configure:5724: result: no
configure:5730: checking whether  accepts -g
configure:5742:  -c -g conftest.f >&5
./configure: line 5743: -c: command not found
configure:5748: $? = 127
configure: failed program was:
|       program main
| 
|       end
configure:5773: result: no
configure:5803: checking the maximum length of command line arguments
configure:5912: result: 32768
configure:5923: checking command to parse /opt/hisi-linux/x86-arm/arm-himix100-linux/bin/arm-himix100-linux-nm -B output from arm-himix100-linux-gcc object
configure:6028: arm-himix100-linux-gcc -c -mcpu=cortex-a7 -mfloat-abi=softfp -mfpu=neon-vfpv4 -fno-aggressive-loop-optimizations  conftest.c >&5
configure:6031: $? = 0
configure:6035: /opt/hisi-linux/x86-arm/arm-himix100-linux/bin/arm-himix100-linux-nm -B conftest.o \| sed -n -e 's/^.*[ 	]\([ABCDGIRSTW][ABCDGIRSTW]*\)[ 	][ 	]*\([_A-Za-z][_A-Za-z0-9]*\)$/\1 \2 \2/p' \> conftest.nm
configure:6038: $? = 0
configure:6090: arm-himix100-linux-gcc -o conftest -mcpu=cortex-a7 -mfloat-abi=softfp -mfpu=neon-vfpv4 -fno-aggressive-loop-optimizations   conftest.c conftstm.o >&5
configure:6093: $? = 0
configure:6131: result: ok
configure:6135: checking for objdir
configure:6150: result: .libs
configure:6202: checking for arm-himix100-linux-ar
configure:6218: found /opt/hisi-linux/x86-arm/arm-himix100-linux/bin/arm-himix100-linux-ar
configure:6228: result: arm-himix100-linux-ar
configure:6282: checking for arm-himix100-linux-ranlib
configure:6298: found /opt/hisi-linux/x86-arm/arm-himix100-linux/bin/arm-himix100-linux-ranlib
configure:6308: result: arm-himix100-linux-ranlib
configure:6362: checking for arm-himix100-linux-strip
configure:6388: result: arm-himix100-linux-strip
configure:6699: checking if arm-himix100-linux-gcc supports -fno-rtti -fno-exceptions
configure:6717: arm-himix100-linux-gcc -c -mcpu=cortex-a7 -mfloat-abi=softfp -mfpu=neon-vfpv4 -fno-aggressive-loop-optimizations  -fno-rtti -fno-exceptions conftest.c >&5
cc1: warning: command line option '-fno-rtti' is valid for C++/ObjC++ but not for C
configure:6721: $? = 0
configure:6734: result: no
configure:6749: checking for arm-himix100-linux-gcc option to produce PIC
configure:6959: result: -fPIC
configure:6967: checking if arm-himix100-linux-gcc PIC flag -fPIC works
configure:6985: arm-himix100-linux-gcc -c -mcpu=cortex-a7 -mfloat-abi=softfp -mfpu=neon-vfpv4 -fno-aggressive-loop-optimizations  -fPIC -DPIC conftest.c >&5
configure:6989: $? = 0
configure:7002: result: yes
configure:7030: checking if arm-himix100-linux-gcc static flag -static works
configure:7058: result: yes
configure:7068: checking if arm-himix100-linux-gcc supports -c -o file.o
configure:7089: arm-himix100-linux-gcc -c -mcpu=cortex-a7 -mfloat-abi=softfp -mfpu=neon-vfpv4 -fno-aggressive-loop-optimizations  -o out/conftest2.o conftest.c >&5
configure:7093: $? = 0
configure:7115: result: yes
configure:7141: checking whether the arm-himix100-linux-gcc linker (/opt/hisi-linux/x86-arm/arm-himix100-linux/arm-linux-uclibceabi/bin/ld) supports shared libraries
configure:8099: result: yes
configure:8120: checking whether -lc should be explicitly linked in
configure:8125: arm-himix100-linux-gcc -c -mcpu=cortex-a7 -mfloat-abi=softfp -mfpu=neon-vfpv4 -fno-aggressive-loop-optimizations  conftest.c >&5
configure:8128: $? = 0
configure:8143: arm-himix100-linux-gcc -shared conftest.o  -v -Wl,-soname -Wl,conftest -o conftest 2\>\&1 \| grep  -lc  \>/dev/null 2\>\&1
configure:8146: $? = 0
configure:8158: result: no
configure:8166: checking dynamic linker characteristics
configure:8754: result: GNU/Linux ld.so
configure:8763: checking how to hardcode library paths into programs
configure:8788: result: immediate
configure:8802: checking whether stripping libraries is possible
configure:8807: result: yes
configure:9641: checking if libtool supports shared libraries
configure:9643: result: yes
configure:9646: checking whether to build shared libraries
configure:9667: result: yes
configure:9670: checking whether to build static libraries
configure:9674: result: yes
configure:9766: creating libtool
configure:10354: checking for ld used by arm-himix100-linux-g++
configure:10421: result: /opt/hisi-linux/x86-arm/arm-himix100-linux/arm-linux-uclibceabi/bin/ld
configure:10430: checking if the linker (/opt/hisi-linux/x86-arm/arm-himix100-linux/arm-linux-uclibceabi/bin/ld) is GNU ld
configure:10445: result: yes
configure:10496: checking whether the arm-himix100-linux-g++ linker (/opt/hisi-linux/x86-arm/arm-himix100-linux/arm-linux-uclibceabi/bin/ld) supports shared libraries
configure:11434: result: yes
configure:11452: arm-himix100-linux-g++ -c -mcpu=cortex-a7 -mfloat-abi=softfp -mfpu=neon-vfpv4 -fno-aggressive-loop-optimizations  conftest.cpp >&5
configure:11455: $? = 0
configure:11574: checking for arm-himix100-linux-g++ option to produce PIC
configure:11848: result: -fPIC
configure:11856: checking if arm-himix100-linux-g++ PIC flag -fPIC works
configure:11874: arm-himix100-linux-g++ -c -mcpu=cortex-a7 -mfloat-abi=softfp -mfpu=neon-vfpv4 -fno-aggressive-loop-optimizations  -fPIC -DPIC conftest.cpp >&5
configure:11878: $? = 0
configure:11891: result: yes
configure:11919: checking if arm-himix100-linux-g++ static flag -static works
configure:11947: result: yes
configure:11957: checking if arm-himix100-linux-g++ supports -c -o file.o
configure:11978: arm-himix100-linux-g++ -c -mcpu=cortex-a7 -mfloat-abi=softfp -mfpu=neon-vfpv4 -fno-aggressive-loop-optimizations  -o out/conftest2.o conftest.cpp >&5
configure:11982: $? = 0
configure:12004: result: yes
configure:12030: checking whether the arm-himix100-linux-g++ linker (/opt/hisi-linux/x86-arm/arm-himix100-linux/arm-linux-uclibceabi/bin/ld) supports shared libraries
configure:12055: result: yes
configure:12122: checking dynamic linker characteristics
configure:12710: result: GNU/Linux ld.so
configure:12719: checking how to hardcode library paths into programs
configure:12744: result: immediate
configure:19058: checking whether to build debug version (no optimization)
configure:19068: result: no
configure:19070: TARGET=arm-himix100-linux-gnu 
configure:19108: checking for pow in -lm
configure:19138: arm-himix100-linux-gcc -o conftest -mcpu=cortex-a7 -mfloat-abi=softfp -mfpu=neon-vfpv4 -fno-aggressive-loop-optimizations -DNDEBUG   conftest.c -lm   >&5
conftest.c:32:6: warning: conflicting types for built-in function 'pow'
 char pow ();
      ^~~
configure:19144: $? = 0
configure:19148: test -z 
			 || test ! -s conftest.err
configure:19151: $? = 0
configure:19154: test -s conftest
configure:19157: $? = 0
configure:19170: result: yes
configure:19182: checking for dlopen in -ldl
configure:19212: arm-himix100-linux-gcc -o conftest -mcpu=cortex-a7 -mfloat-abi=softfp -mfpu=neon-vfpv4 -fno-aggressive-loop-optimizations -DNDEBUG   conftest.c -ldl  -lm  >&5
configure:19218: $? = 0
configure:19222: test -z 
			 || test ! -s conftest.err
configure:19225: $? = 0
configure:19228: test -s conftest
configure:19231: $? = 0
configure:19244: result: yes
configure:19256: checking for pthread_create in -lpthread
configure:19286: arm-himix100-linux-gcc -o conftest -mcpu=cortex-a7 -mfloat-abi=softfp -mfpu=neon-vfpv4 -fno-aggressive-loop-optimizations -DNDEBUG   conftest.c -lpthread  -ldl -lm  >&5
configure:19292: $? = 0
configure:19296: test -z 
			 || test ! -s conftest.err
configure:19299: $? = 0
configure:19302: test -s conftest
configure:19305: $? = 0
configure:19318: result: yes
configure:19331: checking whether byte ordering is bigendian
configure:19358: arm-himix100-linux-gcc -c -mcpu=cortex-a7 -mfloat-abi=softfp -mfpu=neon-vfpv4 -fno-aggressive-loop-optimizations -DNDEBUG  conftest.c >&5
configure:19364: $? = 0
configure:19368: test -z 
			 || test ! -s conftest.err
configure:19371: $? = 0
configure:19374: test -s conftest.o
configure:19377: $? = 0
configure:19401: arm-himix100-linux-gcc -c -mcpu=cortex-a7 -mfloat-abi=softfp -mfpu=neon-vfpv4 -fno-aggressive-loop-optimizations -DNDEBUG  conftest.c >&5
conftest.c: In function 'main':
conftest.c:35:2: error: unknown type name 'not'
  not big endian
  ^~~
conftest.c:35:10: error: expected '=', ',', ';', 'asm' or '__attribute__' before 'endian'
  not big endian
          ^~~~~~
configure:19407: $? = 1
configure: failed program was:
| /* confdefs.h.  */
| 
| #define PACKAGE_NAME "opencv"
| #define PACKAGE_TARNAME "opencv"
| #define PACKAGE_VERSION "1.0.0"
| #define PACKAGE_STRING "opencv 1.0.0"
| #define PACKAGE_BUGREPORT "opencvlibrary-devel@lists.sourceforge.net"
| #define PACKAGE "opencv"
| #define VERSION "1.0.0"
| #ifdef __cplusplus
| extern "C" void std::exit (int) throw (); using std::exit;
| #endif
| #define STDC_HEADERS 1
| #define HAVE_SYS_TYPES_H 1
| #define HAVE_SYS_STAT_H 1
| #define HAVE_STDLIB_H 1
| #define HAVE_STRING_H 1
| #define HAVE_MEMORY_H 1
| #define HAVE_STRINGS_H 1
| #define HAVE_INTTYPES_H 1
| #define HAVE_STDINT_H 1
| #define HAVE_UNISTD_H 1
| #define HAVE_DLFCN_H 1
| #define HAVE_LIBM 1
| #define HAVE_LIBDL 1
| #define HAVE_LIBPTHREAD 1
| /* end confdefs.h.  */
| #include <sys/types.h>
| #include <sys/param.h>
| 
| int
| main ()
| {
| #if BYTE_ORDER != BIG_ENDIAN
|  not big endian
| #endif
| 
|   ;
|   return 0;
| }
configure:19542: result: no
configure:19566: checking for working alloca.h
configure:19587: arm-himix100-linux-gcc -o conftest -mcpu=cortex-a7 -mfloat-abi=softfp -mfpu=neon-vfpv4 -fno-aggressive-loop-optimizations -DNDEBUG   conftest.c -lpthread -ldl -lm  >&5
configure:19593: $? = 0
configure:19597: test -z 
			 || test ! -s conftest.err
configure:19600: $? = 0
configure:19603: test -s conftest
configure:19606: $? = 0
configure:19618: result: yes
configure:19628: checking for alloca
configure:19669: arm-himix100-linux-gcc -o conftest -mcpu=cortex-a7 -mfloat-abi=softfp -mfpu=neon-vfpv4 -fno-aggressive-loop-optimizations -DNDEBUG   conftest.c -lpthread -ldl -lm  >&5
configure:19675: $? = 0
configure:19679: test -z 
			 || test ! -s conftest.err
configure:19682: $? = 0
configure:19685: test -s conftest
configure:19688: $? = 0
configure:19700: result: yes
configure:19937: checking malloc.h usability
configure:19949: arm-himix100-linux-gcc -c -mcpu=cortex-a7 -mfloat-abi=softfp -mfpu=neon-vfpv4 -fno-aggressive-loop-optimizations -DNDEBUG  conftest.c >&5
configure:19955: $? = 0
configure:19959: test -z 
			 || test ! -s conftest.err
configure:19962: $? = 0
configure:19965: test -s conftest.o
configure:19968: $? = 0
configure:19978: result: yes
configure:19982: checking malloc.h presence
configure:19992: arm-himix100-linux-gcc -E -DNDEBUG  conftest.c
configure:19998: $? = 0
configure:20018: result: yes
configure:20053: checking for malloc.h
configure:20060: result: yes
configure:20077: checking for lrint
configure:20134: arm-himix100-linux-gcc -o conftest -mcpu=cortex-a7 -mfloat-abi=softfp -mfpu=neon-vfpv4 -fno-aggressive-loop-optimizations -DNDEBUG   conftest.c -lpthread -ldl -lm  >&5
conftest.c:55:6: warning: conflicting types for built-in function 'lrint'
 char lrint ();
      ^~~~~
configure:20140: $? = 0
configure:20144: test -z 
			 || test ! -s conftest.err
configure:20147: $? = 0
configure:20150: test -s conftest
configure:20153: $? = 0
configure:20165: result: yes
configure:20197: checking Carbon/Carbon.h usability
configure:20209: arm-himix100-linux-gcc -c -mcpu=cortex-a7 -mfloat-abi=softfp -mfpu=neon-vfpv4 -fno-aggressive-loop-optimizations -DNDEBUG  conftest.c >&5
conftest.c:66:27: fatal error: Carbon/Carbon.h: No such file or directory
 #include <Carbon/Carbon.h>
                           ^
compilation terminated.
configure:20215: $? = 1
configure: failed program was:
| /* confdefs.h.  */
| 
| #define PACKAGE_NAME "opencv"
| #define PACKAGE_TARNAME "opencv"
| #define PACKAGE_VERSION "1.0.0"
| #define PACKAGE_STRING "opencv 1.0.0"
| #define PACKAGE_BUGREPORT "opencvlibrary-devel@lists.sourceforge.net"
| #define PACKAGE "opencv"
| #define VERSION "1.0.0"
| #ifdef __cplusplus
| extern "C" void std::exit (int) throw (); using std::exit;
| #endif
| #define STDC_HEADERS 1
| #define HAVE_SYS_TYPES_H 1
| #define HAVE_SYS_STAT_H 1
| #define HAVE_STDLIB_H 1
| #define HAVE_STRING_H 1
| #define HAVE_MEMORY_H 1
| #define HAVE_STRINGS_H 1
| #define HAVE_INTTYPES_H 1
| #define HAVE_STDINT_H 1
| #define HAVE_UNISTD_H 1
| #define HAVE_DLFCN_H 1
| #define HAVE_LIBM 1
| #define HAVE_LIBDL 1
| #define HAVE_LIBPTHREAD 1
| #define HAVE_ALLOCA_H 1
| #define HAVE_ALLOCA 1
| #define HAVE_MALLOC_H 1
| #define HAVE_LRINT 1
| /* end confdefs.h.  */
| #include <stdio.h>
| #if HAVE_SYS_TYPES_H
| # include <sys/types.h>
| #endif
| #if HAVE_SYS_STAT_H
| # include <sys/stat.h>
| #endif
| #if STDC_HEADERS
| # include <stdlib.h>
| # include <stddef.h>
| #else
| # if HAVE_STDLIB_H
| #  include <stdlib.h>
| # endif
| #endif
| #if HAVE_STRING_H
| # if !STDC_HEADERS && HAVE_MEMORY_H
| #  include <memory.h>
| # endif
| # include <string.h>
| #endif
| #if HAVE_STRINGS_H
| # include <strings.h>
| #endif
| #if HAVE_INTTYPES_H
| # include <inttypes.h>
| #else
| # if HAVE_STDINT_H
| #  include <stdint.h>
| # endif
| #endif
| #if HAVE_UNISTD_H
| # include <unistd.h>
| #endif
| #include <Carbon/Carbon.h>
configure:20238: result: no
configure:20242: checking Carbon/Carbon.h presence
configure:20252: arm-himix100-linux-gcc -E -DNDEBUG  conftest.c
conftest.c:32:27: fatal error: Carbon/Carbon.h: No such file or directory
 #include <Carbon/Carbon.h>
                           ^
compilation terminated.
configure:20258: $? = 1
configure: failed program was:
| /* confdefs.h.  */
| 
| #define PACKAGE_NAME "opencv"
| #define PACKAGE_TARNAME "opencv"
| #define PACKAGE_VERSION "1.0.0"
| #define PACKAGE_STRING "opencv 1.0.0"
| #define PACKAGE_BUGREPORT "opencvlibrary-devel@lists.sourceforge.net"
| #define PACKAGE "opencv"
| #define VERSION "1.0.0"
| #ifdef __cplusplus
| extern "C" void std::exit (int) throw (); using std::exit;
| #endif
| #define STDC_HEADERS 1
| #define HAVE_SYS_TYPES_H 1
| #define HAVE_SYS_STAT_H 1
| #define HAVE_STDLIB_H 1
| #define HAVE_STRING_H 1
| #define HAVE_MEMORY_H 1
| #define HAVE_STRINGS_H 1
| #define HAVE_INTTYPES_H 1
| #define HAVE_STDINT_H 1
| #define HAVE_UNISTD_H 1
| #define HAVE_DLFCN_H 1
| #define HAVE_LIBM 1
| #define HAVE_LIBDL 1
| #define HAVE_LIBPTHREAD 1
| #define HAVE_ALLOCA_H 1
| #define HAVE_ALLOCA 1
| #define HAVE_MALLOC_H 1
| #define HAVE_LRINT 1
| /* end confdefs.h.  */
| #include <Carbon/Carbon.h>
configure:20278: result: no
configure:20313: checking for Carbon/Carbon.h
configure:20320: result: no
configure:20398: checking for pkg-config
configure:20416: found /usr/bin/pkg-config
configure:20429: result: /usr/bin/pkg-config
configure:20496: checking for "gtk+-2.0 gdk-pixbuf-2.0"
configure:20600: checking for "gthread-2.0"
configure:20713: checking QuickTime/QuickTime.h usability
configure:20725: arm-himix100-linux-gcc -c -mcpu=cortex-a7 -mfloat-abi=softfp -mfpu=neon-vfpv4 -fno-aggressive-loop-optimizations -DNDEBUG  conftest.c >&5
conftest.c:66:33: fatal error: QuickTime/QuickTime.h: No such file or directory
 #include <QuickTime/QuickTime.h>
                                 ^
compilation terminated.
configure:20731: $? = 1
configure: failed program was:
| /* confdefs.h.  */
| 
| #define PACKAGE_NAME "opencv"
| #define PACKAGE_TARNAME "opencv"
| #define PACKAGE_VERSION "1.0.0"
| #define PACKAGE_STRING "opencv 1.0.0"
| #define PACKAGE_BUGREPORT "opencvlibrary-devel@lists.sourceforge.net"
| #define PACKAGE "opencv"
| #define VERSION "1.0.0"
| #ifdef __cplusplus
| extern "C" void std::exit (int) throw (); using std::exit;
| #endif
| #define STDC_HEADERS 1
| #define HAVE_SYS_TYPES_H 1
| #define HAVE_SYS_STAT_H 1
| #define HAVE_STDLIB_H 1
| #define HAVE_STRING_H 1
| #define HAVE_MEMORY_H 1
| #define HAVE_STRINGS_H 1
| #define HAVE_INTTYPES_H 1
| #define HAVE_STDINT_H 1
| #define HAVE_UNISTD_H 1
| #define HAVE_DLFCN_H 1
| #define HAVE_LIBM 1
| #define HAVE_LIBDL 1
| #define HAVE_LIBPTHREAD 1
| #define HAVE_ALLOCA_H 1
| #define HAVE_ALLOCA 1
| #define HAVE_MALLOC_H 1
| #define HAVE_LRINT 1
| /* end confdefs.h.  */
| #include <stdio.h>
| #if HAVE_SYS_TYPES_H
| # include <sys/types.h>
| #endif
| #if HAVE_SYS_STAT_H
| # include <sys/stat.h>
| #endif
| #if STDC_HEADERS
| # include <stdlib.h>
| # include <stddef.h>
| #else
| # if HAVE_STDLIB_H
| #  include <stdlib.h>
| # endif
| #endif
| #if HAVE_STRING_H
| # if !STDC_HEADERS && HAVE_MEMORY_H
| #  include <memory.h>
| # endif
| # include <string.h>
| #endif
| #if HAVE_STRINGS_H
| # include <strings.h>
| #endif
| #if HAVE_INTTYPES_H
| # include <inttypes.h>
| #else
| # if HAVE_STDINT_H
| #  include <stdint.h>
| # endif
| #endif
| #if HAVE_UNISTD_H
| # include <unistd.h>
| #endif
| #include <QuickTime/QuickTime.h>
configure:20754: result: no
configure:20758: checking QuickTime/QuickTime.h presence
configure:20768: arm-himix100-linux-gcc -E -DNDEBUG  conftest.c
conftest.c:32:33: fatal error: QuickTime/QuickTime.h: No such file or directory
 #include <QuickTime/QuickTime.h>
                                 ^
compilation terminated.
configure:20774: $? = 1
configure: failed program was:
| /* confdefs.h.  */
| 
| #define PACKAGE_NAME "opencv"
| #define PACKAGE_TARNAME "opencv"
| #define PACKAGE_VERSION "1.0.0"
| #define PACKAGE_STRING "opencv 1.0.0"
| #define PACKAGE_BUGREPORT "opencvlibrary-devel@lists.sourceforge.net"
| #define PACKAGE "opencv"
| #define VERSION "1.0.0"
| #ifdef __cplusplus
| extern "C" void std::exit (int) throw (); using std::exit;
| #endif
| #define STDC_HEADERS 1
| #define HAVE_SYS_TYPES_H 1
| #define HAVE_SYS_STAT_H 1
| #define HAVE_STDLIB_H 1
| #define HAVE_STRING_H 1
| #define HAVE_MEMORY_H 1
| #define HAVE_STRINGS_H 1
| #define HAVE_INTTYPES_H 1
| #define HAVE_STDINT_H 1
| #define HAVE_UNISTD_H 1
| #define HAVE_DLFCN_H 1
| #define HAVE_LIBM 1
| #define HAVE_LIBDL 1
| #define HAVE_LIBPTHREAD 1
| #define HAVE_ALLOCA_H 1
| #define HAVE_ALLOCA 1
| #define HAVE_MALLOC_H 1
| #define HAVE_LRINT 1
| /* end confdefs.h.  */
| #include <QuickTime/QuickTime.h>
configure:20794: result: no
configure:20829: checking for QuickTime/QuickTime.h
configure:20836: result: no
configure:21168: checking ffmpeg/avcodec.h usability
configure:21180: arm-himix100-linux-gcc -c -mcpu=cortex-a7 -mfloat-abi=softfp -mfpu=neon-vfpv4 -fno-aggressive-loop-optimizations -DNDEBUG  conftest.c >&5
conftest.c:66:28: fatal error: ffmpeg/avcodec.h: No such file or directory
 #include <ffmpeg/avcodec.h>
                            ^
compilation terminated.
configure:21186: $? = 1
configure: failed program was:
| /* confdefs.h.  */
| 
| #define PACKAGE_NAME "opencv"
| #define PACKAGE_TARNAME "opencv"
| #define PACKAGE_VERSION "1.0.0"
| #define PACKAGE_STRING "opencv 1.0.0"
| #define PACKAGE_BUGREPORT "opencvlibrary-devel@lists.sourceforge.net"
| #define PACKAGE "opencv"
| #define VERSION "1.0.0"
| #ifdef __cplusplus
| extern "C" void std::exit (int) throw (); using std::exit;
| #endif
| #define STDC_HEADERS 1
| #define HAVE_SYS_TYPES_H 1
| #define HAVE_SYS_STAT_H 1
| #define HAVE_STDLIB_H 1
| #define HAVE_STRING_H 1
| #define HAVE_MEMORY_H 1
| #define HAVE_STRINGS_H 1
| #define HAVE_INTTYPES_H 1
| #define HAVE_STDINT_H 1
| #define HAVE_UNISTD_H 1
| #define HAVE_DLFCN_H 1
| #define HAVE_LIBM 1
| #define HAVE_LIBDL 1
| #define HAVE_LIBPTHREAD 1
| #define HAVE_ALLOCA_H 1
| #define HAVE_ALLOCA 1
| #define HAVE_MALLOC_H 1
| #define HAVE_LRINT 1
| /* end confdefs.h.  */
| #include <stdio.h>
| #if HAVE_SYS_TYPES_H
| # include <sys/types.h>
| #endif
| #if HAVE_SYS_STAT_H
| # include <sys/stat.h>
| #endif
| #if STDC_HEADERS
| # include <stdlib.h>
| # include <stddef.h>
| #else
| # if HAVE_STDLIB_H
| #  include <stdlib.h>
| # endif
| #endif
| #if HAVE_STRING_H
| # if !STDC_HEADERS && HAVE_MEMORY_H
| #  include <memory.h>
| # endif
| # include <string.h>
| #endif
| #if HAVE_STRINGS_H
| # include <strings.h>
| #endif
| #if HAVE_INTTYPES_H
| # include <inttypes.h>
| #else
| # if HAVE_STDINT_H
| #  include <stdint.h>
| # endif
| #endif
| #if HAVE_UNISTD_H
| # include <unistd.h>
| #endif
| #include <ffmpeg/avcodec.h>
configure:21209: result: no
configure:21213: checking ffmpeg/avcodec.h presence
configure:21223: arm-himix100-linux-gcc -E -DNDEBUG  conftest.c
conftest.c:32:28: fatal error: ffmpeg/avcodec.h: No such file or directory
 #include <ffmpeg/avcodec.h>
                            ^
compilation terminated.
configure:21229: $? = 1
configure: failed program was:
| /* confdefs.h.  */
| 
| #define PACKAGE_NAME "opencv"
| #define PACKAGE_TARNAME "opencv"
| #define PACKAGE_VERSION "1.0.0"
| #define PACKAGE_STRING "opencv 1.0.0"
| #define PACKAGE_BUGREPORT "opencvlibrary-devel@lists.sourceforge.net"
| #define PACKAGE "opencv"
| #define VERSION "1.0.0"
| #ifdef __cplusplus
| extern "C" void std::exit (int) throw (); using std::exit;
| #endif
| #define STDC_HEADERS 1
| #define HAVE_SYS_TYPES_H 1
| #define HAVE_SYS_STAT_H 1
| #define HAVE_STDLIB_H 1
| #define HAVE_STRING_H 1
| #define HAVE_MEMORY_H 1
| #define HAVE_STRINGS_H 1
| #define HAVE_INTTYPES_H 1
| #define HAVE_STDINT_H 1
| #define HAVE_UNISTD_H 1
| #define HAVE_DLFCN_H 1
| #define HAVE_LIBM 1
| #define HAVE_LIBDL 1
| #define HAVE_LIBPTHREAD 1
| #define HAVE_ALLOCA_H 1
| #define HAVE_ALLOCA 1
| #define HAVE_MALLOC_H 1
| #define HAVE_LRINT 1
| /* end confdefs.h.  */
| #include <ffmpeg/avcodec.h>
configure:21249: result: no
configure:21284: checking for ffmpeg/avcodec.h
configure:21291: result: no
configure:21497: checking libraw1394/raw1394.h usability
configure:21509: arm-himix100-linux-gcc -c -mcpu=cortex-a7 -mfloat-abi=softfp -mfpu=neon-vfpv4 -fno-aggressive-loop-optimizations -DNDEBUG  conftest.c >&5
conftest.c:66:32: fatal error: libraw1394/raw1394.h: No such file or directory
 #include <libraw1394/raw1394.h>
                                ^
compilation terminated.
configure:21515: $? = 1
configure: failed program was:
| /* confdefs.h.  */
| 
| #define PACKAGE_NAME "opencv"
| #define PACKAGE_TARNAME "opencv"
| #define PACKAGE_VERSION "1.0.0"
| #define PACKAGE_STRING "opencv 1.0.0"
| #define PACKAGE_BUGREPORT "opencvlibrary-devel@lists.sourceforge.net"
| #define PACKAGE "opencv"
| #define VERSION "1.0.0"
| #ifdef __cplusplus
| extern "C" void std::exit (int) throw (); using std::exit;
| #endif
| #define STDC_HEADERS 1
| #define HAVE_SYS_TYPES_H 1
| #define HAVE_SYS_STAT_H 1
| #define HAVE_STDLIB_H 1
| #define HAVE_STRING_H 1
| #define HAVE_MEMORY_H 1
| #define HAVE_STRINGS_H 1
| #define HAVE_INTTYPES_H 1
| #define HAVE_STDINT_H 1
| #define HAVE_UNISTD_H 1
| #define HAVE_DLFCN_H 1
| #define HAVE_LIBM 1
| #define HAVE_LIBDL 1
| #define HAVE_LIBPTHREAD 1
| #define HAVE_ALLOCA_H 1
| #define HAVE_ALLOCA 1
| #define HAVE_MALLOC_H 1
| #define HAVE_LRINT 1
| /* end confdefs.h.  */
| #include <stdio.h>
| #if HAVE_SYS_TYPES_H
| # include <sys/types.h>
| #endif
| #if HAVE_SYS_STAT_H
| # include <sys/stat.h>
| #endif
| #if STDC_HEADERS
| # include <stdlib.h>
| # include <stddef.h>
| #else
| # if HAVE_STDLIB_H
| #  include <stdlib.h>
| # endif
| #endif
| #if HAVE_STRING_H
| # if !STDC_HEADERS && HAVE_MEMORY_H
| #  include <memory.h>
| # endif
| # include <string.h>
| #endif
| #if HAVE_STRINGS_H
| # include <strings.h>
| #endif
| #if HAVE_INTTYPES_H
| # include <inttypes.h>
| #else
| # if HAVE_STDINT_H
| #  include <stdint.h>
| # endif
| #endif
| #if HAVE_UNISTD_H
| # include <unistd.h>
| #endif
| #include <libraw1394/raw1394.h>
configure:21538: result: no
configure:21542: checking libraw1394/raw1394.h presence
configure:21552: arm-himix100-linux-gcc -E -DNDEBUG  conftest.c
conftest.c:32:32: fatal error: libraw1394/raw1394.h: No such file or directory
 #include <libraw1394/raw1394.h>
                                ^
compilation terminated.
configure:21558: $? = 1
configure: failed program was:
| /* confdefs.h.  */
| 
| #define PACKAGE_NAME "opencv"
| #define PACKAGE_TARNAME "opencv"
| #define PACKAGE_VERSION "1.0.0"
| #define PACKAGE_STRING "opencv 1.0.0"
| #define PACKAGE_BUGREPORT "opencvlibrary-devel@lists.sourceforge.net"
| #define PACKAGE "opencv"
| #define VERSION "1.0.0"
| #ifdef __cplusplus
| extern "C" void std::exit (int) throw (); using std::exit;
| #endif
| #define STDC_HEADERS 1
| #define HAVE_SYS_TYPES_H 1
| #define HAVE_SYS_STAT_H 1
| #define HAVE_STDLIB_H 1
| #define HAVE_STRING_H 1
| #define HAVE_MEMORY_H 1
| #define HAVE_STRINGS_H 1
| #define HAVE_INTTYPES_H 1
| #define HAVE_STDINT_H 1
| #define HAVE_UNISTD_H 1
| #define HAVE_DLFCN_H 1
| #define HAVE_LIBM 1
| #define HAVE_LIBDL 1
| #define HAVE_LIBPTHREAD 1
| #define HAVE_ALLOCA_H 1
| #define HAVE_ALLOCA 1
| #define HAVE_MALLOC_H 1
| #define HAVE_LRINT 1
| /* end confdefs.h.  */
| #include <libraw1394/raw1394.h>
configure:21578: result: no
configure:21613: checking for libraw1394/raw1394.h
configure:21620: result: no
configure:22233: checking jpeglib.h usability
configure:22245: arm-himix100-linux-gcc -c -mcpu=cortex-a7 -mfloat-abi=softfp -mfpu=neon-vfpv4 -fno-aggressive-loop-optimizations -DNDEBUG  conftest.c >&5
conftest.c:66:21: fatal error: jpeglib.h: No such file or directory
 #include <jpeglib.h>
                     ^
compilation terminated.
configure:22251: $? = 1
configure: failed program was:
| /* confdefs.h.  */
| 
| #define PACKAGE_NAME "opencv"
| #define PACKAGE_TARNAME "opencv"
| #define PACKAGE_VERSION "1.0.0"
| #define PACKAGE_STRING "opencv 1.0.0"
| #define PACKAGE_BUGREPORT "opencvlibrary-devel@lists.sourceforge.net"
| #define PACKAGE "opencv"
| #define VERSION "1.0.0"
| #ifdef __cplusplus
| extern "C" void std::exit (int) throw (); using std::exit;
| #endif
| #define STDC_HEADERS 1
| #define HAVE_SYS_TYPES_H 1
| #define HAVE_SYS_STAT_H 1
| #define HAVE_STDLIB_H 1
| #define HAVE_STRING_H 1
| #define HAVE_MEMORY_H 1
| #define HAVE_STRINGS_H 1
| #define HAVE_INTTYPES_H 1
| #define HAVE_STDINT_H 1
| #define HAVE_UNISTD_H 1
| #define HAVE_DLFCN_H 1
| #define HAVE_LIBM 1
| #define HAVE_LIBDL 1
| #define HAVE_LIBPTHREAD 1
| #define HAVE_ALLOCA_H 1
| #define HAVE_ALLOCA 1
| #define HAVE_MALLOC_H 1
| #define HAVE_LRINT 1
| /* end confdefs.h.  */
| #include <stdio.h>
| #if HAVE_SYS_TYPES_H
| # include <sys/types.h>
| #endif
| #if HAVE_SYS_STAT_H
| # include <sys/stat.h>
| #endif
| #if STDC_HEADERS
| # include <stdlib.h>
| # include <stddef.h>
| #else
| # if HAVE_STDLIB_H
| #  include <stdlib.h>
| # endif
| #endif
| #if HAVE_STRING_H
| # if !STDC_HEADERS && HAVE_MEMORY_H
| #  include <memory.h>
| # endif
| # include <string.h>
| #endif
| #if HAVE_STRINGS_H
| # include <strings.h>
| #endif
| #if HAVE_INTTYPES_H
| # include <inttypes.h>
| #else
| # if HAVE_STDINT_H
| #  include <stdint.h>
| # endif
| #endif
| #if HAVE_UNISTD_H
| # include <unistd.h>
| #endif
| #include <jpeglib.h>
configure:22274: result: no
configure:22278: checking jpeglib.h presence
configure:22288: arm-himix100-linux-gcc -E -DNDEBUG  conftest.c
conftest.c:32:21: fatal error: jpeglib.h: No such file or directory
 #include <jpeglib.h>
                     ^
compilation terminated.
configure:22294: $? = 1
configure: failed program was:
| /* confdefs.h.  */
| 
| #define PACKAGE_NAME "opencv"
| #define PACKAGE_TARNAME "opencv"
| #define PACKAGE_VERSION "1.0.0"
| #define PACKAGE_STRING "opencv 1.0.0"
| #define PACKAGE_BUGREPORT "opencvlibrary-devel@lists.sourceforge.net"
| #define PACKAGE "opencv"
| #define VERSION "1.0.0"
| #ifdef __cplusplus
| extern "C" void std::exit (int) throw (); using std::exit;
| #endif
| #define STDC_HEADERS 1
| #define HAVE_SYS_TYPES_H 1
| #define HAVE_SYS_STAT_H 1
| #define HAVE_STDLIB_H 1
| #define HAVE_STRING_H 1
| #define HAVE_MEMORY_H 1
| #define HAVE_STRINGS_H 1
| #define HAVE_INTTYPES_H 1
| #define HAVE_STDINT_H 1
| #define HAVE_UNISTD_H 1
| #define HAVE_DLFCN_H 1
| #define HAVE_LIBM 1
| #define HAVE_LIBDL 1
| #define HAVE_LIBPTHREAD 1
| #define HAVE_ALLOCA_H 1
| #define HAVE_ALLOCA 1
| #define HAVE_MALLOC_H 1
| #define HAVE_LRINT 1
| /* end confdefs.h.  */
| #include <jpeglib.h>
configure:22314: result: no
configure:22349: checking for jpeglib.h
configure:22356: result: no
configure:22452: checking zlib.h usability
configure:22464: arm-himix100-linux-gcc -c -mcpu=cortex-a7 -mfloat-abi=softfp -mfpu=neon-vfpv4 -fno-aggressive-loop-optimizations -DNDEBUG  conftest.c >&5
conftest.c:66:18: fatal error: zlib.h: No such file or directory
 #include <zlib.h>
                  ^
compilation terminated.
configure:22470: $? = 1
configure: failed program was:
| /* confdefs.h.  */
| 
| #define PACKAGE_NAME "opencv"
| #define PACKAGE_TARNAME "opencv"
| #define PACKAGE_VERSION "1.0.0"
| #define PACKAGE_STRING "opencv 1.0.0"
| #define PACKAGE_BUGREPORT "opencvlibrary-devel@lists.sourceforge.net"
| #define PACKAGE "opencv"
| #define VERSION "1.0.0"
| #ifdef __cplusplus
| extern "C" void std::exit (int) throw (); using std::exit;
| #endif
| #define STDC_HEADERS 1
| #define HAVE_SYS_TYPES_H 1
| #define HAVE_SYS_STAT_H 1
| #define HAVE_STDLIB_H 1
| #define HAVE_STRING_H 1
| #define HAVE_MEMORY_H 1
| #define HAVE_STRINGS_H 1
| #define HAVE_INTTYPES_H 1
| #define HAVE_STDINT_H 1
| #define HAVE_UNISTD_H 1
| #define HAVE_DLFCN_H 1
| #define HAVE_LIBM 1
| #define HAVE_LIBDL 1
| #define HAVE_LIBPTHREAD 1
| #define HAVE_ALLOCA_H 1
| #define HAVE_ALLOCA 1
| #define HAVE_MALLOC_H 1
| #define HAVE_LRINT 1
| /* end confdefs.h.  */
| #include <stdio.h>
| #if HAVE_SYS_TYPES_H
| # include <sys/types.h>
| #endif
| #if HAVE_SYS_STAT_H
| # include <sys/stat.h>
| #endif
| #if STDC_HEADERS
| # include <stdlib.h>
| # include <stddef.h>
| #else
| # if HAVE_STDLIB_H
| #  include <stdlib.h>
| # endif
| #endif
| #if HAVE_STRING_H
| # if !STDC_HEADERS && HAVE_MEMORY_H
| #  include <memory.h>
| # endif
| # include <string.h>
| #endif
| #if HAVE_STRINGS_H
| # include <strings.h>
| #endif
| #if HAVE_INTTYPES_H
| # include <inttypes.h>
| #else
| # if HAVE_STDINT_H
| #  include <stdint.h>
| # endif
| #endif
| #if HAVE_UNISTD_H
| # include <unistd.h>
| #endif
| #include <zlib.h>
configure:22493: result: no
configure:22497: checking zlib.h presence
configure:22507: arm-himix100-linux-gcc -E -DNDEBUG  conftest.c
conftest.c:32:18: fatal error: zlib.h: No such file or directory
 #include <zlib.h>
                  ^
compilation terminated.
configure:22513: $? = 1
configure: failed program was:
| /* confdefs.h.  */
| 
| #define PACKAGE_NAME "opencv"
| #define PACKAGE_TARNAME "opencv"
| #define PACKAGE_VERSION "1.0.0"
| #define PACKAGE_STRING "opencv 1.0.0"
| #define PACKAGE_BUGREPORT "opencvlibrary-devel@lists.sourceforge.net"
| #define PACKAGE "opencv"
| #define VERSION "1.0.0"
| #ifdef __cplusplus
| extern "C" void std::exit (int) throw (); using std::exit;
| #endif
| #define STDC_HEADERS 1
| #define HAVE_SYS_TYPES_H 1
| #define HAVE_SYS_STAT_H 1
| #define HAVE_STDLIB_H 1
| #define HAVE_STRING_H 1
| #define HAVE_MEMORY_H 1
| #define HAVE_STRINGS_H 1
| #define HAVE_INTTYPES_H 1
| #define HAVE_STDINT_H 1
| #define HAVE_UNISTD_H 1
| #define HAVE_DLFCN_H 1
| #define HAVE_LIBM 1
| #define HAVE_LIBDL 1
| #define HAVE_LIBPTHREAD 1
| #define HAVE_ALLOCA_H 1
| #define HAVE_ALLOCA 1
| #define HAVE_MALLOC_H 1
| #define HAVE_LRINT 1
| /* end confdefs.h.  */
| #include <zlib.h>
configure:22533: result: no
configure:22568: checking for zlib.h
configure:22575: result: no
configure:22672: checking png.h usability
configure:22684: arm-himix100-linux-gcc -c -mcpu=cortex-a7 -mfloat-abi=softfp -mfpu=neon-vfpv4 -fno-aggressive-loop-optimizations -DNDEBUG  conftest.c >&5
conftest.c:66:17: fatal error: png.h: No such file or directory
 #include <png.h>
                 ^
compilation terminated.
configure:22690: $? = 1
configure: failed program was:
| /* confdefs.h.  */
| 
| #define PACKAGE_NAME "opencv"
| #define PACKAGE_TARNAME "opencv"
| #define PACKAGE_VERSION "1.0.0"
| #define PACKAGE_STRING "opencv 1.0.0"
| #define PACKAGE_BUGREPORT "opencvlibrary-devel@lists.sourceforge.net"
| #define PACKAGE "opencv"
| #define VERSION "1.0.0"
| #ifdef __cplusplus
| extern "C" void std::exit (int) throw (); using std::exit;
| #endif
| #define STDC_HEADERS 1
| #define HAVE_SYS_TYPES_H 1
| #define HAVE_SYS_STAT_H 1
| #define HAVE_STDLIB_H 1
| #define HAVE_STRING_H 1
| #define HAVE_MEMORY_H 1
| #define HAVE_STRINGS_H 1
| #define HAVE_INTTYPES_H 1
| #define HAVE_STDINT_H 1
| #define HAVE_UNISTD_H 1
| #define HAVE_DLFCN_H 1
| #define HAVE_LIBM 1
| #define HAVE_LIBDL 1
| #define HAVE_LIBPTHREAD 1
| #define HAVE_ALLOCA_H 1
| #define HAVE_ALLOCA 1
| #define HAVE_MALLOC_H 1
| #define HAVE_LRINT 1
| /* end confdefs.h.  */
| #include <stdio.h>
| #if HAVE_SYS_TYPES_H
| # include <sys/types.h>
| #endif
| #if HAVE_SYS_STAT_H
| # include <sys/stat.h>
| #endif
| #if STDC_HEADERS
| # include <stdlib.h>
| # include <stddef.h>
| #else
| # if HAVE_STDLIB_H
| #  include <stdlib.h>
| # endif
| #endif
| #if HAVE_STRING_H
| # if !STDC_HEADERS && HAVE_MEMORY_H
| #  include <memory.h>
| # endif
| # include <string.h>
| #endif
| #if HAVE_STRINGS_H
| # include <strings.h>
| #endif
| #if HAVE_INTTYPES_H
| # include <inttypes.h>
| #else
| # if HAVE_STDINT_H
| #  include <stdint.h>
| # endif
| #endif
| #if HAVE_UNISTD_H
| # include <unistd.h>
| #endif
| #include <png.h>
configure:22713: result: no
configure:22717: checking png.h presence
configure:22727: arm-himix100-linux-gcc -E -DNDEBUG  conftest.c
conftest.c:32:17: fatal error: png.h: No such file or directory
 #include <png.h>
                 ^
compilation terminated.
configure:22733: $? = 1
configure: failed program was:
| /* confdefs.h.  */
| 
| #define PACKAGE_NAME "opencv"
| #define PACKAGE_TARNAME "opencv"
| #define PACKAGE_VERSION "1.0.0"
| #define PACKAGE_STRING "opencv 1.0.0"
| #define PACKAGE_BUGREPORT "opencvlibrary-devel@lists.sourceforge.net"
| #define PACKAGE "opencv"
| #define VERSION "1.0.0"
| #ifdef __cplusplus
| extern "C" void std::exit (int) throw (); using std::exit;
| #endif
| #define STDC_HEADERS 1
| #define HAVE_SYS_TYPES_H 1
| #define HAVE_SYS_STAT_H 1
| #define HAVE_STDLIB_H 1
| #define HAVE_STRING_H 1
| #define HAVE_MEMORY_H 1
| #define HAVE_STRINGS_H 1
| #define HAVE_INTTYPES_H 1
| #define HAVE_STDINT_H 1
| #define HAVE_UNISTD_H 1
| #define HAVE_DLFCN_H 1
| #define HAVE_LIBM 1
| #define HAVE_LIBDL 1
| #define HAVE_LIBPTHREAD 1
| #define HAVE_ALLOCA_H 1
| #define HAVE_ALLOCA 1
| #define HAVE_MALLOC_H 1
| #define HAVE_LRINT 1
| /* end confdefs.h.  */
| #include <png.h>
configure:22753: result: no
configure:22788: checking for png.h
configure:22795: result: no
configure:22821: checking libpng/png.h usability
configure:22833: arm-himix100-linux-gcc -c -mcpu=cortex-a7 -mfloat-abi=softfp -mfpu=neon-vfpv4 -fno-aggressive-loop-optimizations -DNDEBUG  conftest.c >&5
conftest.c:66:24: fatal error: libpng/png.h: No such file or directory
 #include <libpng/png.h>
                        ^
compilation terminated.
configure:22839: $? = 1
configure: failed program was:
| /* confdefs.h.  */
| 
| #define PACKAGE_NAME "opencv"
| #define PACKAGE_TARNAME "opencv"
| #define PACKAGE_VERSION "1.0.0"
| #define PACKAGE_STRING "opencv 1.0.0"
| #define PACKAGE_BUGREPORT "opencvlibrary-devel@lists.sourceforge.net"
| #define PACKAGE "opencv"
| #define VERSION "1.0.0"
| #ifdef __cplusplus
| extern "C" void std::exit (int) throw (); using std::exit;
| #endif
| #define STDC_HEADERS 1
| #define HAVE_SYS_TYPES_H 1
| #define HAVE_SYS_STAT_H 1
| #define HAVE_STDLIB_H 1
| #define HAVE_STRING_H 1
| #define HAVE_MEMORY_H 1
| #define HAVE_STRINGS_H 1
| #define HAVE_INTTYPES_H 1
| #define HAVE_STDINT_H 1
| #define HAVE_UNISTD_H 1
| #define HAVE_DLFCN_H 1
| #define HAVE_LIBM 1
| #define HAVE_LIBDL 1
| #define HAVE_LIBPTHREAD 1
| #define HAVE_ALLOCA_H 1
| #define HAVE_ALLOCA 1
| #define HAVE_MALLOC_H 1
| #define HAVE_LRINT 1
| /* end confdefs.h.  */
| #include <stdio.h>
| #if HAVE_SYS_TYPES_H
| # include <sys/types.h>
| #endif
| #if HAVE_SYS_STAT_H
| # include <sys/stat.h>
| #endif
| #if STDC_HEADERS
| # include <stdlib.h>
| # include <stddef.h>
| #else
| # if HAVE_STDLIB_H
| #  include <stdlib.h>
| # endif
| #endif
| #if HAVE_STRING_H
| # if !STDC_HEADERS && HAVE_MEMORY_H
| #  include <memory.h>
| # endif
| # include <string.h>
| #endif
| #if HAVE_STRINGS_H
| # include <strings.h>
| #endif
| #if HAVE_INTTYPES_H
| # include <inttypes.h>
| #else
| # if HAVE_STDINT_H
| #  include <stdint.h>
| # endif
| #endif
| #if HAVE_UNISTD_H
| # include <unistd.h>
| #endif
| #include <libpng/png.h>
configure:22862: result: no
configure:22866: checking libpng/png.h presence
configure:22876: arm-himix100-linux-gcc -E -DNDEBUG  conftest.c
conftest.c:32:24: fatal error: libpng/png.h: No such file or directory
 #include <libpng/png.h>
                        ^
compilation terminated.
configure:22882: $? = 1
configure: failed program was:
| /* confdefs.h.  */
| 
| #define PACKAGE_NAME "opencv"
| #define PACKAGE_TARNAME "opencv"
| #define PACKAGE_VERSION "1.0.0"
| #define PACKAGE_STRING "opencv 1.0.0"
| #define PACKAGE_BUGREPORT "opencvlibrary-devel@lists.sourceforge.net"
| #define PACKAGE "opencv"
| #define VERSION "1.0.0"
| #ifdef __cplusplus
| extern "C" void std::exit (int) throw (); using std::exit;
| #endif
| #define STDC_HEADERS 1
| #define HAVE_SYS_TYPES_H 1
| #define HAVE_SYS_STAT_H 1
| #define HAVE_STDLIB_H 1
| #define HAVE_STRING_H 1
| #define HAVE_MEMORY_H 1
| #define HAVE_STRINGS_H 1
| #define HAVE_INTTYPES_H 1
| #define HAVE_STDINT_H 1
| #define HAVE_UNISTD_H 1
| #define HAVE_DLFCN_H 1
| #define HAVE_LIBM 1
| #define HAVE_LIBDL 1
| #define HAVE_LIBPTHREAD 1
| #define HAVE_ALLOCA_H 1
| #define HAVE_ALLOCA 1
| #define HAVE_MALLOC_H 1
| #define HAVE_LRINT 1
| /* end confdefs.h.  */
| #include <libpng/png.h>
configure:22902: result: no
configure:22937: checking for libpng/png.h
configure:22944: result: no
configure:23156: checking tiff.h usability
configure:23168: arm-himix100-linux-gcc -c -mcpu=cortex-a7 -mfloat-abi=softfp -mfpu=neon-vfpv4 -fno-aggressive-loop-optimizations -DNDEBUG  conftest.c >&5
conftest.c:66:18: fatal error: tiff.h: No such file or directory
 #include <tiff.h>
                  ^
compilation terminated.
configure:23174: $? = 1
configure: failed program was:
| /* confdefs.h.  */
| 
| #define PACKAGE_NAME "opencv"
| #define PACKAGE_TARNAME "opencv"
| #define PACKAGE_VERSION "1.0.0"
| #define PACKAGE_STRING "opencv 1.0.0"
| #define PACKAGE_BUGREPORT "opencvlibrary-devel@lists.sourceforge.net"
| #define PACKAGE "opencv"
| #define VERSION "1.0.0"
| #ifdef __cplusplus
| extern "C" void std::exit (int) throw (); using std::exit;
| #endif
| #define STDC_HEADERS 1
| #define HAVE_SYS_TYPES_H 1
| #define HAVE_SYS_STAT_H 1
| #define HAVE_STDLIB_H 1
| #define HAVE_STRING_H 1
| #define HAVE_MEMORY_H 1
| #define HAVE_STRINGS_H 1
| #define HAVE_INTTYPES_H 1
| #define HAVE_STDINT_H 1
| #define HAVE_UNISTD_H 1
| #define HAVE_DLFCN_H 1
| #define HAVE_LIBM 1
| #define HAVE_LIBDL 1
| #define HAVE_LIBPTHREAD 1
| #define HAVE_ALLOCA_H 1
| #define HAVE_ALLOCA 1
| #define HAVE_MALLOC_H 1
| #define HAVE_LRINT 1
| /* end confdefs.h.  */
| #include <stdio.h>
| #if HAVE_SYS_TYPES_H
| # include <sys/types.h>
| #endif
| #if HAVE_SYS_STAT_H
| # include <sys/stat.h>
| #endif
| #if STDC_HEADERS
| # include <stdlib.h>
| # include <stddef.h>
| #else
| # if HAVE_STDLIB_H
| #  include <stdlib.h>
| # endif
| #endif
| #if HAVE_STRING_H
| # if !STDC_HEADERS && HAVE_MEMORY_H
| #  include <memory.h>
| # endif
| # include <string.h>
| #endif
| #if HAVE_STRINGS_H
| # include <strings.h>
| #endif
| #if HAVE_INTTYPES_H
| # include <inttypes.h>
| #else
| # if HAVE_STDINT_H
| #  include <stdint.h>
| # endif
| #endif
| #if HAVE_UNISTD_H
| # include <unistd.h>
| #endif
| #include <tiff.h>
configure:23197: result: no
configure:23201: checking tiff.h presence
configure:23211: arm-himix100-linux-gcc -E -DNDEBUG  conftest.c
conftest.c:32:18: fatal error: tiff.h: No such file or directory
 #include <tiff.h>
                  ^
compilation terminated.
configure:23217: $? = 1
configure: failed program was:
| /* confdefs.h.  */
| 
| #define PACKAGE_NAME "opencv"
| #define PACKAGE_TARNAME "opencv"
| #define PACKAGE_VERSION "1.0.0"
| #define PACKAGE_STRING "opencv 1.0.0"
| #define PACKAGE_BUGREPORT "opencvlibrary-devel@lists.sourceforge.net"
| #define PACKAGE "opencv"
| #define VERSION "1.0.0"
| #ifdef __cplusplus
| extern "C" void std::exit (int) throw (); using std::exit;
| #endif
| #define STDC_HEADERS 1
| #define HAVE_SYS_TYPES_H 1
| #define HAVE_SYS_STAT_H 1
| #define HAVE_STDLIB_H 1
| #define HAVE_STRING_H 1
| #define HAVE_MEMORY_H 1
| #define HAVE_STRINGS_H 1
| #define HAVE_INTTYPES_H 1
| #define HAVE_STDINT_H 1
| #define HAVE_UNISTD_H 1
| #define HAVE_DLFCN_H 1
| #define HAVE_LIBM 1
| #define HAVE_LIBDL 1
| #define HAVE_LIBPTHREAD 1
| #define HAVE_ALLOCA_H 1
| #define HAVE_ALLOCA 1
| #define HAVE_MALLOC_H 1
| #define HAVE_LRINT 1
| /* end confdefs.h.  */
| #include <tiff.h>
configure:23237: result: no
configure:23272: checking for tiff.h
configure:23279: result: no
configure:23376: checking jasper/jasper.h usability
configure:23388: arm-himix100-linux-gcc -c -mcpu=cortex-a7 -mfloat-abi=softfp -mfpu=neon-vfpv4 -fno-aggressive-loop-optimizations -DNDEBUG  conftest.c >&5
conftest.c:66:27: fatal error: jasper/jasper.h: No such file or directory
 #include <jasper/jasper.h>
                           ^
compilation terminated.
configure:23394: $? = 1
configure: failed program was:
| /* confdefs.h.  */
| 
| #define PACKAGE_NAME "opencv"
| #define PACKAGE_TARNAME "opencv"
| #define PACKAGE_VERSION "1.0.0"
| #define PACKAGE_STRING "opencv 1.0.0"
| #define PACKAGE_BUGREPORT "opencvlibrary-devel@lists.sourceforge.net"
| #define PACKAGE "opencv"
| #define VERSION "1.0.0"
| #ifdef __cplusplus
| extern "C" void std::exit (int) throw (); using std::exit;
| #endif
| #define STDC_HEADERS 1
| #define HAVE_SYS_TYPES_H 1
| #define HAVE_SYS_STAT_H 1
| #define HAVE_STDLIB_H 1
| #define HAVE_STRING_H 1
| #define HAVE_MEMORY_H 1
| #define HAVE_STRINGS_H 1
| #define HAVE_INTTYPES_H 1
| #define HAVE_STDINT_H 1
| #define HAVE_UNISTD_H 1
| #define HAVE_DLFCN_H 1
| #define HAVE_LIBM 1
| #define HAVE_LIBDL 1
| #define HAVE_LIBPTHREAD 1
| #define HAVE_ALLOCA_H 1
| #define HAVE_ALLOCA 1
| #define HAVE_MALLOC_H 1
| #define HAVE_LRINT 1
| /* end confdefs.h.  */
| #include <stdio.h>
| #if HAVE_SYS_TYPES_H
| # include <sys/types.h>
| #endif
| #if HAVE_SYS_STAT_H
| # include <sys/stat.h>
| #endif
| #if STDC_HEADERS
| # include <stdlib.h>
| # include <stddef.h>
| #else
| # if HAVE_STDLIB_H
| #  include <stdlib.h>
| # endif
| #endif
| #if HAVE_STRING_H
| # if !STDC_HEADERS && HAVE_MEMORY_H
| #  include <memory.h>
| # endif
| # include <string.h>
| #endif
| #if HAVE_STRINGS_H
| # include <strings.h>
| #endif
| #if HAVE_INTTYPES_H
| # include <inttypes.h>
| #else
| # if HAVE_STDINT_H
| #  include <stdint.h>
| # endif
| #endif
| #if HAVE_UNISTD_H
| # include <unistd.h>
| #endif
| #include <jasper/jasper.h>
configure:23417: result: no
configure:23421: checking jasper/jasper.h presence
configure:23431: arm-himix100-linux-gcc -E -DNDEBUG  conftest.c
conftest.c:32:27: fatal error: jasper/jasper.h: No such file or directory
 #include <jasper/jasper.h>
                           ^
compilation terminated.
configure:23437: $? = 1
configure: failed program was:
| /* confdefs.h.  */
| 
| #define PACKAGE_NAME "opencv"
| #define PACKAGE_TARNAME "opencv"
| #define PACKAGE_VERSION "1.0.0"
| #define PACKAGE_STRING "opencv 1.0.0"
| #define PACKAGE_BUGREPORT "opencvlibrary-devel@lists.sourceforge.net"
| #define PACKAGE "opencv"
| #define VERSION "1.0.0"
| #ifdef __cplusplus
| extern "C" void std::exit (int) throw (); using std::exit;
| #endif
| #define STDC_HEADERS 1
| #define HAVE_SYS_TYPES_H 1
| #define HAVE_SYS_STAT_H 1
| #define HAVE_STDLIB_H 1
| #define HAVE_STRING_H 1
| #define HAVE_MEMORY_H 1
| #define HAVE_STRINGS_H 1
| #define HAVE_INTTYPES_H 1
| #define HAVE_STDINT_H 1
| #define HAVE_UNISTD_H 1
| #define HAVE_DLFCN_H 1
| #define HAVE_LIBM 1
| #define HAVE_LIBDL 1
| #define HAVE_LIBPTHREAD 1
| #define HAVE_ALLOCA_H 1
| #define HAVE_ALLOCA 1
| #define HAVE_MALLOC_H 1
| #define HAVE_LRINT 1
| /* end confdefs.h.  */
| #include <jasper/jasper.h>
configure:23457: result: no
configure:23492: checking for jasper/jasper.h
configure:23499: result: no
configure:23596: checking ImfCRgbaFile.h usability
configure:23608: arm-himix100-linux-gcc -c -mcpu=cortex-a7 -mfloat-abi=softfp -mfpu=neon-vfpv4 -fno-aggressive-loop-optimizations -DNDEBUG  conftest.c >&5
conftest.c:66:26: fatal error: ImfCRgbaFile.h: No such file or directory
 #include <ImfCRgbaFile.h>
                          ^
compilation terminated.
configure:23614: $? = 1
configure: failed program was:
| /* confdefs.h.  */
| 
| #define PACKAGE_NAME "opencv"
| #define PACKAGE_TARNAME "opencv"
| #define PACKAGE_VERSION "1.0.0"
| #define PACKAGE_STRING "opencv 1.0.0"
| #define PACKAGE_BUGREPORT "opencvlibrary-devel@lists.sourceforge.net"
| #define PACKAGE "opencv"
| #define VERSION "1.0.0"
| #ifdef __cplusplus
| extern "C" void std::exit (int) throw (); using std::exit;
| #endif
| #define STDC_HEADERS 1
| #define HAVE_SYS_TYPES_H 1
| #define HAVE_SYS_STAT_H 1
| #define HAVE_STDLIB_H 1
| #define HAVE_STRING_H 1
| #define HAVE_MEMORY_H 1
| #define HAVE_STRINGS_H 1
| #define HAVE_INTTYPES_H 1
| #define HAVE_STDINT_H 1
| #define HAVE_UNISTD_H 1
| #define HAVE_DLFCN_H 1
| #define HAVE_LIBM 1
| #define HAVE_LIBDL 1
| #define HAVE_LIBPTHREAD 1
| #define HAVE_ALLOCA_H 1
| #define HAVE_ALLOCA 1
| #define HAVE_MALLOC_H 1
| #define HAVE_LRINT 1
| /* end confdefs.h.  */
| #include <stdio.h>
| #if HAVE_SYS_TYPES_H
| # include <sys/types.h>
| #endif
| #if HAVE_SYS_STAT_H
| # include <sys/stat.h>
| #endif
| #if STDC_HEADERS
| # include <stdlib.h>
| # include <stddef.h>
| #else
| # if HAVE_STDLIB_H
| #  include <stdlib.h>
| # endif
| #endif
| #if HAVE_STRING_H
| # if !STDC_HEADERS && HAVE_MEMORY_H
| #  include <memory.h>
| # endif
| # include <string.h>
| #endif
| #if HAVE_STRINGS_H
| # include <strings.h>
| #endif
| #if HAVE_INTTYPES_H
| # include <inttypes.h>
| #else
| # if HAVE_STDINT_H
| #  include <stdint.h>
| # endif
| #endif
| #if HAVE_UNISTD_H
| # include <unistd.h>
| #endif
| #include <ImfCRgbaFile.h>
configure:23637: result: no
configure:23641: checking ImfCRgbaFile.h presence
configure:23651: arm-himix100-linux-gcc -E -DNDEBUG  conftest.c
conftest.c:32:26: fatal error: ImfCRgbaFile.h: No such file or directory
 #include <ImfCRgbaFile.h>
                          ^
compilation terminated.
configure:23657: $? = 1
configure: failed program was:
| /* confdefs.h.  */
| 
| #define PACKAGE_NAME "opencv"
| #define PACKAGE_TARNAME "opencv"
| #define PACKAGE_VERSION "1.0.0"
| #define PACKAGE_STRING "opencv 1.0.0"
| #define PACKAGE_BUGREPORT "opencvlibrary-devel@lists.sourceforge.net"
| #define PACKAGE "opencv"
| #define VERSION "1.0.0"
| #ifdef __cplusplus
| extern "C" void std::exit (int) throw (); using std::exit;
| #endif
| #define STDC_HEADERS 1
| #define HAVE_SYS_TYPES_H 1
| #define HAVE_SYS_STAT_H 1
| #define HAVE_STDLIB_H 1
| #define HAVE_STRING_H 1
| #define HAVE_MEMORY_H 1
| #define HAVE_STRINGS_H 1
| #define HAVE_INTTYPES_H 1
| #define HAVE_STDINT_H 1
| #define HAVE_UNISTD_H 1
| #define HAVE_DLFCN_H 1
| #define HAVE_LIBM 1
| #define HAVE_LIBDL 1
| #define HAVE_LIBPTHREAD 1
| #define HAVE_ALLOCA_H 1
| #define HAVE_ALLOCA 1
| #define HAVE_MALLOC_H 1
| #define HAVE_LRINT 1
| /* end confdefs.h.  */
| #include <ImfCRgbaFile.h>
configure:23677: result: no
configure:23712: checking for ImfCRgbaFile.h
configure:23719: result: no
configure:23818: Checking for necessary tools to build python wrappers
configure:23832: checking for python
configure:23850: found /usr/bin/python
configure:23862: result: /usr/bin/python
configure:23884: checking for python version
configure:23891: result: 2.7
configure:23903: checking for python platform
configure:23910: result: linux2
configure:23917: checking for python script directory
configure:23925: result: ${prefix}/lib/python2.7/site-packages
configure:23934: checking for python extension module directory
configure:23942: result: ${exec_prefix}/lib/python2.7/site-packages
configure:23979: PYTHON_CSPEC=-fPIC -I/usr/include/python2.7
configure:24054: PYTHON_LSPEC=-Wl,-Bsymbolic-functions -Wl,-z,relro -L/usr/lib/python2.7/config-x86_64-linux-gnu -lm -lpthread -ldl  -lutil -lpython2.7 -Xlinker -export-dynamic -Wl,-O1 -Wl,-Bsymbolic-functions
configure:24083: checking Python.h usability
configure:24095: arm-himix100-linux-gcc -c -mcpu=cortex-a7 -mfloat-abi=softfp -mfpu=neon-vfpv4 -fno-aggressive-loop-optimizations -DNDEBUG  -fPIC -I/usr/include/python2.7 conftest.c >&5
In file included from /usr/include/python2.7/Python.h:8:0,
                 from conftest.c:66:
/usr/include/python2.7/pyconfig.h:30:52: fatal error: arm-linux-gnueabi/python2.7/pyconfig.h: No such file or directory
 #  include <arm-linux-gnueabi/python2.7/pyconfig.h>
                                                    ^
compilation terminated.
configure:24101: $? = 1
configure: failed program was:
| /* confdefs.h.  */
| 
| #define PACKAGE_NAME "opencv"
| #define PACKAGE_TARNAME "opencv"
| #define PACKAGE_VERSION "1.0.0"
| #define PACKAGE_STRING "opencv 1.0.0"
| #define PACKAGE_BUGREPORT "opencvlibrary-devel@lists.sourceforge.net"
| #define PACKAGE "opencv"
| #define VERSION "1.0.0"
| #ifdef __cplusplus
| extern "C" void std::exit (int) throw (); using std::exit;
| #endif
| #define STDC_HEADERS 1
| #define HAVE_SYS_TYPES_H 1
| #define HAVE_SYS_STAT_H 1
| #define HAVE_STDLIB_H 1
| #define HAVE_STRING_H 1
| #define HAVE_MEMORY_H 1
| #define HAVE_STRINGS_H 1
| #define HAVE_INTTYPES_H 1
| #define HAVE_STDINT_H 1
| #define HAVE_UNISTD_H 1
| #define HAVE_DLFCN_H 1
| #define HAVE_LIBM 1
| #define HAVE_LIBDL 1
| #define HAVE_LIBPTHREAD 1
| #define HAVE_ALLOCA_H 1
| #define HAVE_ALLOCA 1
| #define HAVE_MALLOC_H 1
| #define HAVE_LRINT 1
| /* end confdefs.h.  */
| #include <stdio.h>
| #if HAVE_SYS_TYPES_H
| # include <sys/types.h>
| #endif
| #if HAVE_SYS_STAT_H
| # include <sys/stat.h>
| #endif
| #if STDC_HEADERS
| # include <stdlib.h>
| # include <stddef.h>
| #else
| # if HAVE_STDLIB_H
| #  include <stdlib.h>
| # endif
| #endif
| #if HAVE_STRING_H
| # if !STDC_HEADERS && HAVE_MEMORY_H
| #  include <memory.h>
| # endif
| # include <string.h>
| #endif
| #if HAVE_STRINGS_H
| # include <strings.h>
| #endif
| #if HAVE_INTTYPES_H
| # include <inttypes.h>
| #else
| # if HAVE_STDINT_H
| #  include <stdint.h>
| # endif
| #endif
| #if HAVE_UNISTD_H
| # include <unistd.h>
| #endif
| #include <Python.h>
configure:24124: result: no
configure:24128: checking Python.h presence
configure:24138: arm-himix100-linux-gcc -E -DNDEBUG  -fPIC -I/usr/include/python2.7 conftest.c
In file included from /usr/include/python2.7/Python.h:8:0,
                 from conftest.c:32:
/usr/include/python2.7/pyconfig.h:30:52: fatal error: arm-linux-gnueabi/python2.7/pyconfig.h: No such file or directory
 #  include <arm-linux-gnueabi/python2.7/pyconfig.h>
                                                    ^
compilation terminated.
configure:24144: $? = 1
configure: failed program was:
| /* confdefs.h.  */
| 
| #define PACKAGE_NAME "opencv"
| #define PACKAGE_TARNAME "opencv"
| #define PACKAGE_VERSION "1.0.0"
| #define PACKAGE_STRING "opencv 1.0.0"
| #define PACKAGE_BUGREPORT "opencvlibrary-devel@lists.sourceforge.net"
| #define PACKAGE "opencv"
| #define VERSION "1.0.0"
| #ifdef __cplusplus
| extern "C" void std::exit (int) throw (); using std::exit;
| #endif
| #define STDC_HEADERS 1
| #define HAVE_SYS_TYPES_H 1
| #define HAVE_SYS_STAT_H 1
| #define HAVE_STDLIB_H 1
| #define HAVE_STRING_H 1
| #define HAVE_MEMORY_H 1
| #define HAVE_STRINGS_H 1
| #define HAVE_INTTYPES_H 1
| #define HAVE_STDINT_H 1
| #define HAVE_UNISTD_H 1
| #define HAVE_DLFCN_H 1
| #define HAVE_LIBM 1
| #define HAVE_LIBDL 1
| #define HAVE_LIBPTHREAD 1
| #define HAVE_ALLOCA_H 1
| #define HAVE_ALLOCA 1
| #define HAVE_MALLOC_H 1
| #define HAVE_LRINT 1
| /* end confdefs.h.  */
| #include <Python.h>
configure:24164: result: no
configure:24199: checking for Python.h
configure:24206: result: no
configure:24214: WARNING: Python headers not found, disabling python wrappers
configure:24956: creating ./config.status

## ---------------------- ##
## Running config.status. ##
## ---------------------- ##

This file was extended by opencv config.status 1.0.0, which was
generated by GNU Autoconf 2.59.  Invocation command line was

  CONFIG_FILES    = 
  CONFIG_HEADERS  = 
  CONFIG_LINKS    = 
  CONFIG_COMMANDS = 
  $ ./config.status 

on bogon

config.status:817: creating Makefile
config.status:817: creating opencv.pc
config.status:817: creating opencv.spec
config.status:817: creating docs/Makefile
config.status:817: creating data/Makefile
config.status:817: creating cxcore/Makefile
config.status:817: creating cxcore/include/Makefile
config.status:817: creating cxcore/src/Makefile
config.status:817: creating cv/Makefile
config.status:817: creating cv/include/Makefile
config.status:817: creating cv/src/Makefile
config.status:817: creating cvaux/Makefile
config.status:817: creating cvaux/include/Makefile
config.status:817: creating cvaux/src/Makefile
config.status:817: creating ml/Makefile
config.status:817: creating ml/include/Makefile
config.status:817: creating ml/src/Makefile
config.status:817: creating otherlibs/Makefile
config.status:817: creating otherlibs/highgui/Makefile
config.status:817: creating apps/Makefile
config.status:817: creating apps/haartraining/Makefile
config.status:817: creating apps/haartraining/include/Makefile
config.status:817: creating apps/haartraining/src/Makefile
config.status:817: creating interfaces/Makefile
config.status:817: creating interfaces/swig/Makefile
config.status:817: creating interfaces/swig/filtered/Makefile
config.status:817: creating interfaces/swig/general/Makefile
config.status:817: creating interfaces/swig/python/Makefile
config.status:817: creating tests/Makefile
config.status:817: creating tests/python/Makefile
config.status:817: creating tests/cv/Makefile
config.status:817: creating tests/cv/src/Makefile
config.status:817: creating tests/cxts/Makefile
config.status:817: creating tests/cxcore/Makefile
config.status:817: creating tests/cxcore/src/Makefile
config.status:817: creating utils/Makefile
config.status:817: creating samples/Makefile
config.status:817: creating samples/c/Makefile
config.status:817: creating samples/python/Makefile
config.status:921: creating cvconfig.h
config.status:1043: cvconfig.h is unchanged
config.status:1223: executing depfiles commands
configure:26408: result:
General configuration ================================================
    Compiler:                 arm-himix100-linux-g++
    CXXFLAGS:                 -Wall -fno-rtti -pipe -O3 -fomit-frame-pointer -mcpu=cortex-a7 -mfloat-abi=softfp -mfpu=neon-vfpv4 -fno-aggressive-loop-optimizations

    Install path:             /home/zhouhua/HISI/opencv/install

HighGUI configuration ================================================

    Windowing system --------------
    Use Carbon / Mac OS X:    no
    Use gtk+ 2.x:             no
    Use gthread:              no

    Image I/O ---------------------
    Use libjpeg:              no
    Use zlib:                 no
    Use libpng:               no
    Use libtiff:              no
    Use libjasper:            no
    Use libIlmImf:            no

    Video I/O ---------------------
    Use QuickTime / Mac OS X: no
    Use xine:                 no
    Use ffmpeg:               no
    Use dc1394 & raw1394:     no
    Use v4l:                  no
    Use v4l2:                 no

Wrappers for other languages =========================================
    SWIG                      
    Python                    no

Additional build settings ============================================
    Build demo apps           yes

Now run make ...


## ---------------- ##
## Cache variables. ##
## ---------------- ##

ac_cv_build=x86_64-unknown-linux-gnu
ac_cv_build_alias=x86_64-unknown-linux-gnu
ac_cv_c_bigendian=no
ac_cv_c_compiler_gnu=yes
ac_cv_cxx_compiler_gnu=yes
ac_cv_env_CC_set=
ac_cv_env_CC_value=
ac_cv_env_CFLAGS_set=set
ac_cv_env_CFLAGS_value='-mcpu=cortex-a7 -mfloat-abi=softfp -mfpu=neon-vfpv4 -fno-aggressive-loop-optimizations'
ac_cv_env_CPPFLAGS_set=
ac_cv_env_CPPFLAGS_value=
ac_cv_env_CPP_set=
ac_cv_env_CPP_value=
ac_cv_env_CXXCPP_set=
ac_cv_env_CXXCPP_value=
ac_cv_env_CXXFLAGS_set=set
ac_cv_env_CXXFLAGS_value='-mcpu=cortex-a7 -mfloat-abi=softfp -mfpu=neon-vfpv4 -fno-aggressive-loop-optimizations'
ac_cv_env_CXX_set=
ac_cv_env_CXX_value=
ac_cv_env_F77_set=
ac_cv_env_F77_value=
ac_cv_env_FFLAGS_set=
ac_cv_env_FFLAGS_value=
ac_cv_env_LDFLAGS_set=
ac_cv_env_LDFLAGS_value=
ac_cv_env_PYTHON_set=
ac_cv_env_PYTHON_value=
ac_cv_env_SWIG_set=
ac_cv_env_SWIG_value=
ac_cv_env_build_alias_set=
ac_cv_env_build_alias_value=
ac_cv_env_host_alias_set=set
ac_cv_env_host_alias_value=arm-himix100-linux
ac_cv_env_target_alias_set=set
ac_cv_env_target_alias_value=arm-himix100-linux
ac_cv_exeext=
ac_cv_f77_compiler_gnu=no
ac_cv_func_alloca_works=yes
ac_cv_func_lrint=yes
ac_cv_header_Carbon_Carbon_h=no
ac_cv_header_ImfCRgbaFile_h=no
ac_cv_header_Python_h=no
ac_cv_header_QuickTime_QuickTime_h=no
ac_cv_header_dlfcn_h=yes
ac_cv_header_ffmpeg_avcodec_h=no
ac_cv_header_inttypes_h=yes
ac_cv_header_jasper_jasper_h=no
ac_cv_header_jpeglib_h=no
ac_cv_header_libpng_png_h=no
ac_cv_header_libraw1394_raw1394_h=no
ac_cv_header_malloc_h=yes
ac_cv_header_memory_h=yes
ac_cv_header_png_h=no
ac_cv_header_stdc=yes
ac_cv_header_stdint_h=yes
ac_cv_header_stdlib_h=yes
ac_cv_header_string_h=yes
ac_cv_header_strings_h=yes
ac_cv_header_sys_stat_h=yes
ac_cv_header_sys_types_h=yes
ac_cv_header_tiff_h=no
ac_cv_header_unistd_h=yes
ac_cv_header_zlib_h=no
ac_cv_host=arm-himix100-linux-gnu
ac_cv_host_alias=arm-himix100-linux
ac_cv_lib_dl_dlopen=yes
ac_cv_lib_m_pow=yes
ac_cv_lib_pthread_pthread_create=yes
ac_cv_objext=o
ac_cv_path_PKG_CONFIG=/usr/bin/pkg-config
ac_cv_path_PYTHON=/usr/bin/python
ac_cv_path_install='/usr/bin/install -c'
ac_cv_prog_AR=arm-himix100-linux-ar
ac_cv_prog_AWK=gawk
ac_cv_prog_CC=arm-himix100-linux-gcc
ac_cv_prog_CPP='arm-himix100-linux-gcc -E'
ac_cv_prog_CXX=arm-himix100-linux-g++
ac_cv_prog_CXXCPP='arm-himix100-linux-g++ -E'
ac_cv_prog_RANLIB=arm-himix100-linux-ranlib
ac_cv_prog_STRIP=arm-himix100-linux-strip
ac_cv_prog_cc_g=yes
ac_cv_prog_cc_stdc=
ac_cv_prog_cxx_g=yes
ac_cv_prog_egrep='grep -E'
ac_cv_prog_f77_g=no
ac_cv_prog_make_make_set=yes
ac_cv_target=arm-himix100-linux-gnu
ac_cv_target_alias=arm-himix100-linux
ac_cv_working_alloca_h=yes
am_cv_CC_dependencies_compiler_type=gcc3
am_cv_CXX_dependencies_compiler_type=gcc3
am_cv_python_platform=linux2
am_cv_python_pyexecdir='${exec_prefix}/lib/python2.7/site-packages'
am_cv_python_pythondir='${prefix}/lib/python2.7/site-packages'
am_cv_python_version=2.7
lt_cv_deplibs_check_method=pass_all
lt_cv_file_magic_cmd='$MAGIC_CMD'
lt_cv_file_magic_test_file=
lt_cv_ld_reload_flag=-r
lt_cv_objdir=.libs
lt_cv_path_LD=/opt/hisi-linux/x86-arm/arm-himix100-linux/arm-linux-uclibceabi/bin/ld
lt_cv_path_LDCXX=/opt/hisi-linux/x86-arm/arm-himix100-linux/arm-linux-uclibceabi/bin/ld
lt_cv_path_NM='/opt/hisi-linux/x86-arm/arm-himix100-linux/bin/arm-himix100-linux-nm -B'
lt_cv_path_SED=/bin/sed
lt_cv_prog_compiler_c_o=yes
lt_cv_prog_compiler_c_o_CXX=yes
lt_cv_prog_compiler_rtti_exceptions=no
lt_cv_prog_gnu_ld=yes
lt_cv_prog_gnu_ldcxx=yes
lt_cv_sys_global_symbol_pipe='sed -n -e '\''s/^.*[ 	]\([ABCDGIRSTW][ABCDGIRSTW]*\)[ 	][ 	]*\([_A-Za-z][_A-Za-z0-9]*\)$/\1 \2 \2/p'\'''
lt_cv_sys_global_symbol_to_c_name_address='sed -n -e '\''s/^: \([^ ]*\) $/  {\"\1\", (lt_ptr) 0},/p'\'' -e '\''s/^[BCDEGRST] \([^ ]*\) \([^ ]*\)$/  {"\2", (lt_ptr) \&\2},/p'\'''
lt_cv_sys_global_symbol_to_cdecl='sed -n -e '\''s/^. .* \(.*\)$/extern int \1;/p'\'''
lt_cv_sys_max_cmd_len=32768
lt_lt_cv_prog_compiler_c_o='"yes"'
lt_lt_cv_prog_compiler_c_o_CXX='"yes"'
lt_lt_cv_sys_global_symbol_pipe='"sed -n -e '\''s/^.*[ 	]\\([ABCDGIRSTW][ABCDGIRSTW]*\\)[ 	][ 	]*\\([_A-Za-z][_A-Za-z0-9]*\\)\$/\\1 \\2 \\2/p'\''"'
lt_lt_cv_sys_global_symbol_to_c_name_address='"sed -n -e '\''s/^: \\([^ ]*\\) \$/  {\\\"\\1\\\", (lt_ptr) 0},/p'\'' -e '\''s/^[BCDEGRST] \\([^ ]*\\) \\([^ ]*\\)\$/  {\"\\2\", (lt_ptr) \\&\\2},/p'\''"'
lt_lt_cv_sys_global_symbol_to_cdecl='"sed -n -e '\''s/^. .* \\(.*\\)\$/extern int \\1;/p'\''"'

## ----------------- ##
## Output variables. ##
## ----------------- ##

ACLOCAL='${SHELL} /home/zhouhua/HISI/opencv/opencv-1.0.0/autotools/missing --run aclocal-1.9'
ALLOCA=''
AMDEPBACKSLASH='\'
AMDEP_FALSE='#'
AMDEP_TRUE=''
AMTAR='${SHELL} /home/zhouhua/HISI/opencv/opencv-1.0.0/autotools/missing --run tar'
AR='arm-himix100-linux-ar'
AS='as'
AUTOCONF='${SHELL} /home/zhouhua/HISI/opencv/opencv-1.0.0/autotools/missing --run autoconf'
AUTOHEADER='${SHELL} /home/zhouhua/HISI/opencv/opencv-1.0.0/autotools/missing --run autoheader'
AUTOMAKE='${SHELL} /home/zhouhua/HISI/opencv/opencv-1.0.0/autotools/missing --run automake-1.9'
AWK='gawk'
BUILD_APPS_FALSE='#'
BUILD_APPS_TRUE=''
BUILD_CARBON_FALSE=''
BUILD_CARBON_TRUE='#'
BUILD_DC1394_FALSE=''
BUILD_DC1394_TRUE='#'
BUILD_FFMPEG_FALSE=''
BUILD_FFMPEG_TRUE='#'
BUILD_GTK_FALSE=''
BUILD_GTK_TRUE='#'
BUILD_PYTHON_WRAPPERS_FALSE=''
BUILD_PYTHON_WRAPPERS_TRUE='#'
BUILD_QUICKTIME_FALSE=''
BUILD_QUICKTIME_TRUE='#'
BUILD_V4L_FALSE=''
BUILD_V4L_TRUE='#'
BUILD_XINE_FALSE=''
BUILD_XINE_TRUE='#'
CARBON_CFLAGS=''
CARBON_LIBS=''
CC='arm-himix100-linux-gcc'
CCDEPMODE='depmode=gcc3'
CFLAGS='-mcpu=cortex-a7 -mfloat-abi=softfp -mfpu=neon-vfpv4 -fno-aggressive-loop-optimizations'
CPP='arm-himix100-linux-gcc -E'
CPPFLAGS='-DNDEBUG '
CXX='arm-himix100-linux-g++'
CXXCPP='arm-himix100-linux-g++ -E'
CXXDEPMODE='depmode=gcc3'
CXXFLAGS='-Wall -fno-rtti -pipe -O3 -fomit-frame-pointer -mcpu=cortex-a7 -mfloat-abi=softfp -mfpu=neon-vfpv4 -fno-aggressive-loop-optimizations'
CYGPATH_W='echo'
DEBUG=''
DEFS='-DHAVE_CONFIG_H'
DEPDIR='.deps'
DLLTOOL='dlltool'
ECHO='echo'
ECHO_C=''
ECHO_N='-n'
ECHO_T=''
EGREP='grep -E'
EXEEXT=''
F77=''
FFLAGS=''
FFMPEGLIBS=''
GTHREAD_CFLAGS=''
GTHREAD_LIBS=''
GTK_CFLAGS=''
GTK_LIBS=''
IEEE1394LIBS=''
IMAGELIBS=''
INSTALL_DATA='${INSTALL} -m 644'
INSTALL_PROGRAM='${INSTALL}'
INSTALL_SCRIPT='${INSTALL}'
INSTALL_STRIP_PROGRAM='${SHELL} $(install_sh) -c -s'
LDFLAGS=''
LIBOBJS=''
LIBS='-lpthread -ldl -lm '
LIBTOOL='$(SHELL) $(top_builddir)/libtool'
LN_S='ln -s'
LTLIBOBJS=''
LT_VERSION='1:0:0'
MAKEINFO='${SHELL} /home/zhouhua/HISI/opencv/opencv-1.0.0/autotools/missing --run makeinfo'
MMAJOR='1'
MMINOR='0'
MSUBMINOR='0'
OBJDUMP='objdump'
OBJEXT='o'
PACKAGE='opencv'
PACKAGE_BUGREPORT='opencvlibrary-devel@lists.sourceforge.net'
PACKAGE_NAME='opencv'
PACKAGE_STRING='opencv 1.0.0'
PACKAGE_TARNAME='opencv'
PACKAGE_VERSION='1.0.0'
PATH_SEPARATOR=':'
PKG_CONFIG='/usr/bin/pkg-config'
PYTHON='/usr/bin/python'
PYTHON_CSPEC='-fPIC -I/usr/include/python2.7'
PYTHON_EXEC_PREFIX='${exec_prefix}'
PYTHON_LSPEC='-Wl,-Bsymbolic-functions -Wl,-z,relro -L/usr/lib/python2.7/config-x86_64-linux-gnu -lm -lpthread -ldl  -lutil -lpython2.7 -Xlinker -export-dynamic -Wl,-O1 -Wl,-Bsymbolic-functions'
PYTHON_PLATFORM='linux2'
PYTHON_PREFIX='${prefix}'
PYTHON_VERSION='2.7'
QUICKTIME_CFLAGS=''
QUICKTIME_LIBS=''
RANLIB='arm-himix100-linux-ranlib'
SET_MAKE=''
SHELL='/bin/sh'
STRIP='arm-himix100-linux-strip'
SWIG=''
SWIG_PYTHON_LIBS=''
SWIG_PYTHON_OPT=''
SWIG_RUNTIME_LIBS_DIR=''
SWIG_VERSION=''
UPDATE_SWIG_WRAPPERS_FALSE=''
UPDATE_SWIG_WRAPPERS_TRUE='#'
VERSION='1.0.0'
XINE_LIBS=''
ac_ct_AR=''
ac_ct_AS=''
ac_ct_CC=''
ac_ct_CXX=''
ac_ct_DLLTOOL=''
ac_ct_F77=''
ac_ct_OBJDUMP=''
ac_ct_RANLIB=''
ac_ct_STRIP=''
am__fastdepCC_FALSE='#'
am__fastdepCC_TRUE=''
am__fastdepCXX_FALSE='#'
am__fastdepCXX_TRUE=''
am__include='include'
am__leading_dot='.'
am__quote=''
am__tar='${AMTAR} chof - "$$tardir"'
am__untar='${AMTAR} xf -'
bindir='${exec_prefix}/bin'
build='x86_64-unknown-linux-gnu'
build_alias=''
build_cpu='x86_64'
build_os='linux-gnu'
build_vendor='unknown'
datadir='${prefix}/share'
exec_prefix='${prefix}'
host='arm-himix100-linux-gnu'
host_alias='arm-himix100-linux'
host_cpu='arm'
host_os='linux-gnu'
host_vendor='himix100'
includedir='${prefix}/include'
infodir='${prefix}/info'
install_sh='/home/zhouhua/HISI/opencv/opencv-1.0.0/autotools/install-sh'
libdir='${exec_prefix}/lib'
libexecdir='${exec_prefix}/libexec'
localstatedir='${prefix}/var'
mandir='${prefix}/man'
mkdir_p='mkdir -p --'
oldincludedir='/usr/include'
pkgpyexecdir='${pyexecdir}/opencv'
pkgpythondir='${pythondir}/opencv'
prefix='/home/zhouhua/HISI/opencv/install'
program_transform_name='s,^,arm-himix100-linux-,'
pyexecdir='${exec_prefix}/lib/python2.7/site-packages'
pythondir='${prefix}/lib/python2.7/site-packages'
sbindir='${exec_prefix}/sbin'
sharedstatedir='${prefix}/com'
sysconfdir='${prefix}/etc'
target='arm-himix100-linux-gnu'
target_alias='arm-himix100-linux'
target_cpu='arm'
target_os='linux-gnu'
target_vendor='himix100'

## ----------- ##
## confdefs.h. ##
## ----------- ##

#define HAVE_ALLOCA 1
#define HAVE_ALLOCA_H 1
#define HAVE_DLFCN_H 1
#define HAVE_INTTYPES_H 1
#define HAVE_LIBDL 1
#define HAVE_LIBM 1
#define HAVE_LIBPTHREAD 1
#define HAVE_LRINT 1
#define HAVE_MALLOC_H 1
#define HAVE_MEMORY_H 1
#define HAVE_STDINT_H 1
#define HAVE_STDLIB_H 1
#define HAVE_STRINGS_H 1
#define HAVE_STRING_H 1
#define HAVE_SYS_STAT_H 1
#define HAVE_SYS_TYPES_H 1
#define HAVE_UNISTD_H 1
#define PACKAGE "opencv"
#define PACKAGE_BUGREPORT "opencvlibrary-devel@lists.sourceforge.net"
#define PACKAGE_NAME "opencv"
#define PACKAGE_STRING "opencv 1.0.0"
#define PACKAGE_TARNAME "opencv"
#define PACKAGE_VERSION "1.0.0"
#define STDC_HEADERS 1
#define VERSION "1.0.0"
#endif
#ifdef __cplusplus
extern "C" void std::exit (int) throw (); using std::exit;

configure: exit 0
